2 3678763
1 89298
4 29188192
3 7932397
3 912219
5 87255278
2 236632
2 4644464
3 2236322
5 45777754
3 7956597
6 96277269
1 977779
2 555555
6 29611692
5 56666665
1 928829
8 499404994
4 12588521
4 11677611
5 59522595
3 6832386
6 89111198
4 9582859
4 8702078
2 2982892
3 11677611
4 5976795
3 4424244
2 1882881
2 368863
6 87255278
2 510015
2 892298
1 899998
4 47977974
2 923329
9 996848699
4 29188192
3 8848488
2 1588851
1 755557
2 1576751
3 999999
3 11677611
1 496694
6 29877892
3 9386839
6 24422442
2 679976
3 6930396
2 5720275
4 3972793
2 3568653
2 347743
6 88255288
4 9692969
4 2884882
4 7932397
6 29611692
4 5280825
2 2334332
5 14355341
2 1576751
3 4558554
2 377773
8 9288829
6 354686453
5 49666694
1 417714
3 4888884
1 944449
2 7822287
6 17766771
4 5524255
7 881222188
4 5634365
1 999999
2 758857
6 2310132
2 2982892
7 222686222
2 697796
1 487784
3 5182815
6 45988954
5 9912199
5 44266244
4 1234321
6 23566532
1 567765
4 4326234
2 2566652
1 398893
3 5182815
1 183381
4 21055012
1 969969
5 497794
2 4448444
5 14355341
6 89377398
3 712217
1 663366
2 1478741
6 59099095
2 2786872
5 88777788
4 1442441
3 4546454
4 6270726
2 4620264
4 39633693
1 894498
6 43911934
4 2468642
2 561165
2 379973
4 39633693
1 597795
5 45988954
8 516262615
3 449944
3 4778774
2 6758576
3 295592
2 987789
1 686686
3 736637
2 3666663
3 8910198
1 783387
2 1124211
6 14355341
5 279767972
3 12455421
6 157545751
4 4326234
6 5280825
3 79497
2 3898983
1 245542
3 6758576
3 4754574
2 3752573
5 69755796
5 46177164
8 145686541
3 391193
1 758857
1 879978
7 89111198
2 1540451
2 693396
4 927729
1 685586
4 88033088
1 866668
6 90933909
9 866181668
7 881585188
2 985589
5 115626511
3 5720275
2 995599
1 681186
1 782287
3 4730374
7 22699622
2 673376
8 87255278
6 114767411
5 29911992
2 5854585
8 891000198
9 313747313
3 5096905
1 768867
2 1442441
5 68588586
1 837738
5 68588586
2 909909
3 2358532
2 992299
1 686686
6 73466437
1 359953
1 709907
4 6746476
4 4412144
2 2358532
1 599995
4 68377386
3 1442441
4 44344344
7 16999961
2 1442441
1 828828
6 91199119
5 89544598
2 1430341
7 89333398
9 866181668
1 898898
5 9716179
2 1698961
1 747747
5 9936399
2 793397
1 498894
1 375573
2 8934398
1 196691
2 2798972
2 3666663
3 687786
2 970079
4 4962694
1 965569
5 66477466
2 94649
3 9912199
1 488884
2 709907
4 27622672
2 1650561
1 986689
8 450383054
5 35488453
1 967769
2 2884882
1 985589
6 881222188
5 58866885
2 1686861
2 594495
2 1258521
1 877778
7 466888664
6 31200213
3 5952595
4 39633693
4 27622672
1 599995
4 8922298
8 881585188
1 859958
6 24422442
3 1992991
4 27622672
1 359953
1 863368
1 567765
1 876678
2 3434343
1 774477
7 51866815
3 3972793
2 712217
4 4986894
5 46177164
5 14877841
4 9288829
2 1100011
1 66466
1 669966
6 13799731
4 39633693
3 4668664
1 767767
2 1234321
3 7296927
2 2432342
2 561165
5 46422464
5 68377386
6 90933909
5 89899898
1 295592
6 89333398
6 89700798
2 1222221
3 486684
2 6600066
3 13499431
2 3972793
9 927787729
7 23211232
6 72955927
2 565565
1 545545
2 99899
3 15788751
2 5976795
1 698896
3 2688862
8 52788725
2 6832386
6 448929844
1 688886
6 35444453
3 613316
4 3972793
2 2640462
5 27666672
2 3764673
3 599995
7 279767972
2 1576751
2 4852584
2 5842485
2 485584
1 668866
3 273372
6 4974794
4 49966994
7 881222188
6 23255232
2 122221
10 146787641
5 14877841
1 972279
9 232585232
2 1222221
4 4326234
2 2762672
9 695686596
6 99211299
1 592295
6 31200213
2 1258521
3 9936399
8 883666388
6 89111198
4 15433451
1 689986
7 167565761
1 685586
2 1796971
5 39633693
1 365563
4 11677611
2 1466641
2 4974794
6 35444453
5 147525741
5 56677665
5 14877841
5 877778
1 638836
2 952259
6 24422442
3 3300033
3 18988981
2 2762672
6 89111198
2 465564
1 76467
3 6722276
1 763367
5 56666665
5 27666672
1 189981
2 934439
1 875578
5 9680869
4 27666672
4 5524255
4 9288829
1 38483
4 67166176
6 23255232
1 566665
1 563365
1 374473
1 877778
1 516615
1 375573
6 91199119
1 989989
8 52788725
5 167565761
1 614416
2 4754574
6 87255278
2 1344431
3 1234321
2 2310132
2 475574
2 391193
2 2224222
2 3764673
2 6722276
5 35444453
9 866181668
3 8836388
3 1576751
2 1466641
4 17766771
6 45466454
1 157751
1 774477
3 3972793
1 531135
8 453444354
2 2884882
4 1564651
4 5634365
4 399993
2 7956597
3 157751
5 6954596
2 774477
2 794497
2 583385
4 567765
2 2774772
1 769967
7 881222188
6 8726278
1 76067
2 4522254
2 6600066
3 13499431
6 25766752
5 8726278
2 3776773
6 87999978
1 1222221
8 144222441
6 13499431
10 154242451
4 46688664
6 99577599
1 147741
2 1552551
1 862268
8 222686222
2 1356531
5 46177164
4 68466486
2 4668664
6 43911934
1 28282
1 919919
1 887788
1 822228
2 7944497
1 589985
3 14877841
3 918819
7 587888785
1 765567
3 16999961
1 398893
1 416614
2 1222221
3 5976795
3 4424244
5 45388354
4 29911992
1 539935
1 473374
2 2762672
8 992202299
1 755557
2 2688862
2 793397
2 4754574
1 79697
1 967769
1 898898
2 4412144
2 2334332
3 9362639
8 43699634
1 135531
3 14877841
10 927787729
1 756657
5 49499494
3 6868686
2 3874783
2 796697
7 682242286
2 2358532
3 1442441
3 4656564
1 998899
3 6648466
3 1882881
6 87999978
2 3312133
3 8824288
2 1344431
7 56677665
8 883666388
6 118929811
1 999999
2 6844486
3 6624266
3 6978796
1 248842
2 11011
3 676676
7 51866815
1 666666
1 882288
3 6624266
1 699996
1 582285
1 72827
4 68588586
9 43699634
10 927787729
3 6868686
1 388883
1 645546
2 1246421
2 2468642
1 879978
2 3312133
2 4448444
1 19691
1 713317
1 457754
2 794497
1 988889
6 125646521
1 995599
3 4534354
7 114767411
6 59099095
6 22399322
2 2762672
2 2664662
1 978879
1 816618
1 989989
4 9166619
1 699996
3 273372
3 1442441
1 333333
2 3446443
2 2798972
1 996699
4 89766798
7 222686222
8 22911922
6 35488453
1 766667
1 393393
5 13499431
2 3544453
2 449944
2 4644464
3 8910198
7 958222859
6 99366399
4 12322321
4 5976795
1 776677
5 89333398
2 1772771
2 121121
2 3972793
2 2872782
8 93000039
6 114767411
1 638836
1 547745
3 6868686
5 27455472
6 99522599
7 222686222
8 729787927
2 1124211
5 47977974
1 445544
3 11677611
2 1442441
2 2420242
7 99211299
1 646646
2 1454541
9 695565596
6 88033088
2 4754574
8 89899898
1 997799
3 139931
6 453323354
8 884646488
2 1356531
2 1466641
1 612216
4 1100011
2 1552551
8 729787927
3 9386839
2 1650561
2 2676762
2 495594
3 6844486
2 1478741
2 356653
8 2322232
2 575575
1 818818
1 589985
2 4778774
7 29911992
6 354686453
1 908809
5 4326234
5 45988954
3 14877841
4 9142419
1 739937
8 313747313
9 883666388
1 672276
4 9166619
4 5634365
2 2200022
7 43911934
2 4644464
2 463364
5 2310132
2 2444442
3 12588521
1 677776
2 568865
2 4558554
2 5720275
3 113311
2 2798972
4 2798972
2 1576751
2 471174
2 591195
2 1100011
1 735537
5 8726278
1 351153
6 92700729
2 5536355
5 43699634
2 2236322
6 9716179
2 6746476
8 156323651
2 772277
3 6978796
2 4632364
2 575575
3 4412144
2 3874783
8 167565761
2 236632
2 352253
3 5292925
6 24422442
1 978879
5 89111198
2 166661
2 3960693
3 11111111
7 499404994
3 655556
1 567765
6 23211232
1 973379
8 881585188
4 9680869
3 2358532
3 16999961
2 2554552
1 178871
5 88166188
6 24422442
1 886688
4 8934398
1 578875
1 778877
3 631136
6 59099095
3 2566652
4 27100172
4 11111111
2 8934398
3 12288221
3 5182815
4 35877853
10 154242451
12 52788725
1 897798
2 498894
2 797797
6 222686222
2 2688862
6 23211232
2 565565
7 157545751
1 365563
1 765567
2 499994
1 388883
5 89111198
2 91619
2 1564651
3 8836388
5 36522563
2 269962
4 36788763
5 993399
2 5756575
6 87999978
4 24644642
