DROP 2 1

DROP 2 100000

DROP 2 1
MOVE 2->1 1
TAKE 1 1

DROP 2 100000
MOVE 2->1 100000
TAKE 1 100000

DROP 2 2
MOVE 2->1 2
TAKE 1 1
TAKE 1 1

DROP 2 100
MOVE 2->1 100
TAKE 1 100
DROP 2 100
MOVE 2->1 100
TAKE 1 100
DROP 2 100
MOVE 2->1 100
TAKE 1 100
DROP 2 100
MOVE 2->1 100
TAKE 1 100
DROP 2 100
MOVE 2->1 100
TAKE 1 100
DROP 2 100
MOVE 2->1 100
TAKE 1 100
DROP 2 100
MOVE 2->1 100
TAKE 1 100
DROP 2 100
MOVE 2->1 100
TAKE 1 100
DROP 2 100
MOVE 2->1 100
TAKE 1 100
DROP 2 100
MOVE 2->1 100
TAKE 1 100
DROP 2 100
MOVE 2->1 100
TAKE 1 100
DROP 2 100
MOVE 2->1 100
TAKE 1 100
DROP 2 100
MOVE 2->1 100
TAKE 1 100
DROP 2 100
MOVE 2->1 100
TAKE 1 100
DROP 2 100
MOVE 2->1 100
TAKE 1 100
DROP 2 100
MOVE 2->1 100
TAKE 1 100
DROP 2 100
MOVE 2->1 100
TAKE 1 100
DROP 2 100
MOVE 2->1 100
TAKE 1 100
DROP 2 100
MOVE 2->1 100
TAKE 1 100
DROP 2 100
MOVE 2->1 100
TAKE 1 100
DROP 2 100
MOVE 2->1 100
TAKE 1 100
DROP 2 100
MOVE 2->1 100
TAKE 1 100
DROP 2 100
MOVE 2->1 100
TAKE 1 100
DROP 2 100
MOVE 2->1 100
TAKE 1 100
DROP 2 100
MOVE 2->1 100
TAKE 1 100
DROP 2 100
MOVE 2->1 100
TAKE 1 100
DROP 2 100
MOVE 2->1 100
TAKE 1 100
DROP 2 100
MOVE 2->1 100
TAKE 1 100
DROP 2 100
MOVE 2->1 100
TAKE 1 100
DROP 2 100
MOVE 2->1 100
TAKE 1 100
DROP 2 100
MOVE 2->1 100
TAKE 1 100
DROP 2 100
MOVE 2->1 100
TAKE 1 100
DROP 2 100
MOVE 2->1 100
TAKE 1 100
DROP 2 100
MOVE 2->1 100
TAKE 1 100
DROP 2 100
MOVE 2->1 100
TAKE 1 100
DROP 2 100
MOVE 2->1 100
TAKE 1 100
DROP 2 100
MOVE 2->1 100
TAKE 1 100
DROP 2 100
MOVE 2->1 100
TAKE 1 100
DROP 2 100
MOVE 2->1 100
TAKE 1 100
DROP 2 100
MOVE 2->1 100
TAKE 1 100
DROP 2 100
MOVE 2->1 100
TAKE 1 100
DROP 2 100
MOVE 2->1 100
TAKE 1 100
DROP 2 100
MOVE 2->1 100
TAKE 1 100
DROP 2 100
MOVE 2->1 100
TAKE 1 100
DROP 2 100
MOVE 2->1 100
TAKE 1 100
DROP 2 100
MOVE 2->1 100
TAKE 1 100
DROP 2 100
MOVE 2->1 100
TAKE 1 100
DROP 2 100
MOVE 2->1 100
TAKE 1 100
DROP 2 100
MOVE 2->1 100
TAKE 1 100
DROP 2 100
MOVE 2->1 100
TAKE 1 100
DROP 2 100
MOVE 2->1 100
TAKE 1 100
DROP 2 100
MOVE 2->1 100
TAKE 1 100
DROP 2 100
MOVE 2->1 100
TAKE 1 100
DROP 2 100
MOVE 2->1 100
TAKE 1 100
DROP 2 100
MOVE 2->1 100
TAKE 1 100
DROP 2 100
MOVE 2->1 100
TAKE 1 100
DROP 2 100
MOVE 2->1 100
TAKE 1 100
DROP 2 100
MOVE 2->1 100
TAKE 1 100
DROP 2 100
MOVE 2->1 100
TAKE 1 100
DROP 2 100
MOVE 2->1 100
TAKE 1 100
DROP 2 100
MOVE 2->1 100
TAKE 1 100
DROP 2 100
MOVE 2->1 100
TAKE 1 100
DROP 2 100
MOVE 2->1 100
TAKE 1 100
DROP 2 100
MOVE 2->1 100
TAKE 1 100
DROP 2 100
MOVE 2->1 100
TAKE 1 100
DROP 2 100
MOVE 2->1 100
TAKE 1 100
DROP 2 100
MOVE 2->1 100
TAKE 1 100
DROP 2 100
MOVE 2->1 100
TAKE 1 100
DROP 2 100
MOVE 2->1 100
TAKE 1 100
DROP 2 100
MOVE 2->1 100
TAKE 1 100
DROP 2 100
MOVE 2->1 100
TAKE 1 100
DROP 2 100
MOVE 2->1 100
TAKE 1 100
DROP 2 100
MOVE 2->1 100
TAKE 1 100
DROP 2 100
MOVE 2->1 100
TAKE 1 100
DROP 2 100
MOVE 2->1 100
TAKE 1 100
DROP 2 100
MOVE 2->1 100
TAKE 1 100
DROP 2 100
MOVE 2->1 100
TAKE 1 100
DROP 2 100
MOVE 2->1 100
TAKE 1 100
DROP 2 100
MOVE 2->1 100
TAKE 1 100
DROP 2 100
MOVE 2->1 100
TAKE 1 100
DROP 2 100
MOVE 2->1 100
TAKE 1 100
DROP 2 100
MOVE 2->1 100
TAKE 1 100
DROP 2 100
MOVE 2->1 100
TAKE 1 100
DROP 2 100
MOVE 2->1 100
TAKE 1 100
DROP 2 100
MOVE 2->1 100
TAKE 1 100
DROP 2 100
MOVE 2->1 100
TAKE 1 100
DROP 2 100
MOVE 2->1 100
TAKE 1 100
DROP 2 100
MOVE 2->1 100
TAKE 1 100
DROP 2 100
MOVE 2->1 100
TAKE 1 100
DROP 2 100
MOVE 2->1 100
TAKE 1 100
DROP 2 100
MOVE 2->1 100
TAKE 1 100
DROP 2 100
MOVE 2->1 100
TAKE 1 100
DROP 2 100
MOVE 2->1 100
TAKE 1 100
DROP 2 100
MOVE 2->1 100
TAKE 1 100
DROP 2 100
MOVE 2->1 100
TAKE 1 100
DROP 2 100
MOVE 2->1 100
TAKE 1 100
DROP 2 100
MOVE 2->1 100
TAKE 1 100
DROP 2 100
MOVE 2->1 100
TAKE 1 100
DROP 2 100
MOVE 2->1 100
TAKE 1 100
DROP 2 100
MOVE 2->1 100
TAKE 1 100
DROP 2 100
MOVE 2->1 100
TAKE 1 100
DROP 2 100
MOVE 2->1 100
TAKE 1 100
DROP 2 100
MOVE 2->1 100
TAKE 1 100
DROP 2 100
MOVE 2->1 100
TAKE 1 100
DROP 2 100
MOVE 2->1 100
TAKE 1 100
DROP 2 100
MOVE 2->1 100
TAKE 1 100
DROP 2 100
MOVE 2->1 100
TAKE 1 100
DROP 2 100
MOVE 2->1 100
TAKE 1 100
DROP 2 100
MOVE 2->1 100
TAKE 1 100
DROP 2 100
MOVE 2->1 100
TAKE 1 100
DROP 2 100
MOVE 2->1 100
TAKE 1 100
DROP 2 100
MOVE 2->1 100
TAKE 1 100
DROP 2 100
MOVE 2->1 100
TAKE 1 100
DROP 2 100
MOVE 2->1 100
TAKE 1 100
DROP 2 100
MOVE 2->1 100
TAKE 1 100
DROP 2 100
MOVE 2->1 100
TAKE 1 100
DROP 2 100
MOVE 2->1 100
TAKE 1 100
DROP 2 100
MOVE 2->1 100
TAKE 1 100
DROP 2 100
MOVE 2->1 100
TAKE 1 100
DROP 2 100
MOVE 2->1 100
TAKE 1 100
DROP 2 100
MOVE 2->1 100
TAKE 1 100
DROP 2 100
MOVE 2->1 100
TAKE 1 100
DROP 2 100
MOVE 2->1 100
TAKE 1 100
DROP 2 100
MOVE 2->1 100
TAKE 1 100
DROP 2 100
MOVE 2->1 100
TAKE 1 100
DROP 2 100
MOVE 2->1 100
TAKE 1 100
DROP 2 100
MOVE 2->1 100
TAKE 1 100
DROP 2 100
MOVE 2->1 100
TAKE 1 100
DROP 2 100
MOVE 2->1 100
TAKE 1 100
DROP 2 100
MOVE 2->1 100
TAKE 1 100
DROP 2 100
MOVE 2->1 100
TAKE 1 100
DROP 2 100
MOVE 2->1 100
TAKE 1 100
DROP 2 100
MOVE 2->1 100
TAKE 1 100
DROP 2 100
MOVE 2->1 100
TAKE 1 100
DROP 2 100
MOVE 2->1 100
TAKE 1 100
DROP 2 100
MOVE 2->1 100
TAKE 1 100
DROP 2 100
MOVE 2->1 100
TAKE 1 100
DROP 2 100
MOVE 2->1 100
TAKE 1 100
DROP 2 100
MOVE 2->1 100
TAKE 1 100
DROP 2 100
MOVE 2->1 100
TAKE 1 100
DROP 2 100
MOVE 2->1 100
TAKE 1 100
DROP 2 100
MOVE 2->1 100
TAKE 1 100
DROP 2 100
MOVE 2->1 100
TAKE 1 100
DROP 2 100
MOVE 2->1 100
TAKE 1 100
DROP 2 100
MOVE 2->1 100
TAKE 1 100
DROP 2 100
MOVE 2->1 100
TAKE 1 100
DROP 2 100
MOVE 2->1 100
TAKE 1 100
DROP 2 100
MOVE 2->1 100
TAKE 1 100
DROP 2 100
MOVE 2->1 100
TAKE 1 100
DROP 2 100
MOVE 2->1 100
TAKE 1 100
DROP 2 100
MOVE 2->1 100
TAKE 1 100
DROP 2 100
MOVE 2->1 100
TAKE 1 100
DROP 2 100
MOVE 2->1 100
TAKE 1 100
DROP 2 100
MOVE 2->1 100
TAKE 1 100
DROP 2 100
MOVE 2->1 100
TAKE 1 100
DROP 2 100
MOVE 2->1 100
TAKE 1 100
DROP 2 100
MOVE 2->1 100
TAKE 1 100
DROP 2 100
MOVE 2->1 100
TAKE 1 100
DROP 2 100
MOVE 2->1 100
TAKE 1 100
DROP 2 100
MOVE 2->1 100
TAKE 1 100
DROP 2 100
MOVE 2->1 100
TAKE 1 100
DROP 2 100
MOVE 2->1 100
TAKE 1 100
DROP 2 100
MOVE 2->1 100
TAKE 1 100
DROP 2 100
MOVE 2->1 100
TAKE 1 100
DROP 2 100
MOVE 2->1 100
TAKE 1 100
DROP 2 100
MOVE 2->1 100
TAKE 1 100
DROP 2 100
MOVE 2->1 100
TAKE 1 100
DROP 2 100
MOVE 2->1 100
TAKE 1 100
DROP 2 100
MOVE 2->1 100
TAKE 1 100
DROP 2 100
MOVE 2->1 100
TAKE 1 100
DROP 2 100
MOVE 2->1 100
TAKE 1 100
DROP 2 100
MOVE 2->1 100
TAKE 1 100
DROP 2 100
MOVE 2->1 100
TAKE 1 100
DROP 2 100
MOVE 2->1 100
TAKE 1 100
DROP 2 100
MOVE 2->1 100
TAKE 1 100
DROP 2 100
MOVE 2->1 100
TAKE 1 100
DROP 2 100
MOVE 2->1 100
TAKE 1 100
DROP 2 100
MOVE 2->1 100
TAKE 1 100
DROP 2 100
MOVE 2->1 100
TAKE 1 100
DROP 2 100
MOVE 2->1 100
TAKE 1 100
DROP 2 100
MOVE 2->1 100
TAKE 1 100
DROP 2 100
MOVE 2->1 100
TAKE 1 100
DROP 2 100
MOVE 2->1 100
TAKE 1 100
DROP 2 100
MOVE 2->1 100
TAKE 1 100
DROP 2 100
MOVE 2->1 100
TAKE 1 100
DROP 2 100
MOVE 2->1 100
TAKE 1 100
DROP 2 100
MOVE 2->1 100
TAKE 1 100
DROP 2 100
MOVE 2->1 100
TAKE 1 100
DROP 2 100
MOVE 2->1 100
TAKE 1 100
DROP 2 100
MOVE 2->1 100
TAKE 1 100
DROP 2 100
MOVE 2->1 100
TAKE 1 100
DROP 2 100
MOVE 2->1 100
TAKE 1 100
DROP 2 100
MOVE 2->1 100
TAKE 1 100
DROP 2 100
MOVE 2->1 100
TAKE 1 100
DROP 2 100
MOVE 2->1 100
TAKE 1 100
DROP 2 100
MOVE 2->1 100
TAKE 1 100
DROP 2 100
MOVE 2->1 100
TAKE 1 100
DROP 2 100
MOVE 2->1 100
TAKE 1 100
DROP 2 100
MOVE 2->1 100
TAKE 1 100
DROP 2 100
MOVE 2->1 100
TAKE 1 100
DROP 2 100
MOVE 2->1 100
TAKE 1 100
DROP 2 100
MOVE 2->1 100
TAKE 1 100
DROP 2 100
MOVE 2->1 100
TAKE 1 100
DROP 2 100
MOVE 2->1 100
TAKE 1 100
DROP 2 100
MOVE 2->1 100
TAKE 1 100
DROP 2 100
MOVE 2->1 100
TAKE 1 100
DROP 2 100
MOVE 2->1 100
TAKE 1 100
DROP 2 100
MOVE 2->1 100
TAKE 1 100
DROP 2 100
MOVE 2->1 100
TAKE 1 100
DROP 2 100
MOVE 2->1 100
TAKE 1 100
DROP 2 100
MOVE 2->1 100
TAKE 1 100
DROP 2 100
MOVE 2->1 100
TAKE 1 100
DROP 2 100
MOVE 2->1 100
TAKE 1 100
DROP 2 100
MOVE 2->1 100
TAKE 1 100
DROP 2 100
MOVE 2->1 100
TAKE 1 100
DROP 2 100
MOVE 2->1 100
TAKE 1 100
DROP 2 100
MOVE 2->1 100
TAKE 1 100
DROP 2 100
MOVE 2->1 100
TAKE 1 100
DROP 2 100
MOVE 2->1 100
TAKE 1 100
DROP 2 100
MOVE 2->1 100
TAKE 1 100
DROP 2 100
MOVE 2->1 100
TAKE 1 100
DROP 2 100
MOVE 2->1 100
TAKE 1 100
DROP 2 100
MOVE 2->1 100
TAKE 1 100
DROP 2 100
MOVE 2->1 100
TAKE 1 100
DROP 2 100
MOVE 2->1 100
TAKE 1 100
DROP 2 100
MOVE 2->1 100
TAKE 1 100
DROP 2 100
MOVE 2->1 100
TAKE 1 100
DROP 2 100
MOVE 2->1 100
TAKE 1 100
DROP 2 100
MOVE 2->1 100
TAKE 1 100
DROP 2 100
MOVE 2->1 100
TAKE 1 100
DROP 2 100
MOVE 2->1 100
TAKE 1 100
DROP 2 100
MOVE 2->1 100
TAKE 1 100
DROP 2 100
MOVE 2->1 100
TAKE 1 100
DROP 2 100
MOVE 2->1 100
TAKE 1 100
DROP 2 100
MOVE 2->1 100
TAKE 1 100
DROP 2 100
MOVE 2->1 100
TAKE 1 100
DROP 2 100
MOVE 2->1 100
TAKE 1 100
DROP 2 100
MOVE 2->1 100
TAKE 1 100
DROP 2 100
MOVE 2->1 100
TAKE 1 100
DROP 2 100
MOVE 2->1 100
TAKE 1 100
DROP 2 100
MOVE 2->1 100
TAKE 1 100
DROP 2 100
MOVE 2->1 100
TAKE 1 100
DROP 2 100
MOVE 2->1 100
TAKE 1 100
DROP 2 100
MOVE 2->1 100
TAKE 1 100
DROP 2 100
MOVE 2->1 100
TAKE 1 100
DROP 2 100
MOVE 2->1 100
TAKE 1 100
DROP 2 100
MOVE 2->1 100
TAKE 1 100
DROP 2 100
MOVE 2->1 100
TAKE 1 100
DROP 2 100
MOVE 2->1 100
TAKE 1 100
DROP 2 100
MOVE 2->1 100
TAKE 1 100
DROP 2 100
MOVE 2->1 100
TAKE 1 100
DROP 2 100
MOVE 2->1 100
TAKE 1 100
DROP 2 100
MOVE 2->1 100
TAKE 1 100
DROP 2 100
MOVE 2->1 100
TAKE 1 100
DROP 2 100
MOVE 2->1 100
TAKE 1 100
DROP 2 100
MOVE 2->1 100
TAKE 1 100
DROP 2 100
MOVE 2->1 100
TAKE 1 100
DROP 2 100
MOVE 2->1 100
TAKE 1 100
DROP 2 100
MOVE 2->1 100
TAKE 1 100
DROP 2 100
MOVE 2->1 100
TAKE 1 100
DROP 2 100
MOVE 2->1 100
TAKE 1 100
DROP 2 100
MOVE 2->1 100
TAKE 1 100
DROP 2 100
MOVE 2->1 100
TAKE 1 100
DROP 2 100
MOVE 2->1 100
TAKE 1 100
DROP 2 100
MOVE 2->1 100
TAKE 1 100
DROP 2 100
MOVE 2->1 100
TAKE 1 100
DROP 2 100
MOVE 2->1 100
TAKE 1 100
DROP 2 100
MOVE 2->1 100
TAKE 1 100
DROP 2 100
MOVE 2->1 100
TAKE 1 100
DROP 2 100
MOVE 2->1 100
TAKE 1 100
DROP 2 100
MOVE 2->1 100
TAKE 1 100
DROP 2 100
MOVE 2->1 100
TAKE 1 100
DROP 2 100
MOVE 2->1 100
TAKE 1 100
DROP 2 100
MOVE 2->1 100
TAKE 1 100
DROP 2 100
MOVE 2->1 100
TAKE 1 100
DROP 2 100
MOVE 2->1 100
TAKE 1 100
DROP 2 100
MOVE 2->1 100
TAKE 1 100
DROP 2 100
MOVE 2->1 100
TAKE 1 100
DROP 2 100
MOVE 2->1 100
TAKE 1 100
DROP 2 100
MOVE 2->1 100
TAKE 1 100
DROP 2 100
MOVE 2->1 100
TAKE 1 100
DROP 2 100
MOVE 2->1 100
TAKE 1 100
DROP 2 100
MOVE 2->1 100
TAKE 1 100
DROP 2 100
MOVE 2->1 100
TAKE 1 100
DROP 2 100
MOVE 2->1 100
TAKE 1 100
DROP 2 100
MOVE 2->1 100
TAKE 1 100
DROP 2 100
MOVE 2->1 100
TAKE 1 100
DROP 2 100
MOVE 2->1 100
TAKE 1 100
DROP 2 100
MOVE 2->1 100
TAKE 1 100
DROP 2 100
MOVE 2->1 100
TAKE 1 100
DROP 2 100
MOVE 2->1 100
TAKE 1 100
DROP 2 100
MOVE 2->1 100
TAKE 1 100
DROP 2 100
MOVE 2->1 100
TAKE 1 100
DROP 2 100
MOVE 2->1 100
TAKE 1 100
DROP 2 100
MOVE 2->1 100
TAKE 1 100
DROP 2 100
MOVE 2->1 100
TAKE 1 100
DROP 2 100
MOVE 2->1 100
TAKE 1 100
DROP 2 100
MOVE 2->1 100
TAKE 1 100
DROP 2 100
MOVE 2->1 100
TAKE 1 100
DROP 2 100
MOVE 2->1 100
TAKE 1 100
DROP 2 100
MOVE 2->1 100
TAKE 1 100
DROP 2 100
MOVE 2->1 100
TAKE 1 100
DROP 2 100
MOVE 2->1 100
TAKE 1 100
DROP 2 100
MOVE 2->1 100
TAKE 1 100
DROP 2 100
MOVE 2->1 100
TAKE 1 100
DROP 2 100
MOVE 2->1 100
TAKE 1 100
DROP 2 100
MOVE 2->1 100
TAKE 1 100
DROP 2 100
MOVE 2->1 100
TAKE 1 100
DROP 2 100
MOVE 2->1 100
TAKE 1 100
DROP 2 100
MOVE 2->1 100
TAKE 1 100
DROP 2 100
MOVE 2->1 100
TAKE 1 100
DROP 2 100
MOVE 2->1 100
TAKE 1 100
DROP 2 100
MOVE 2->1 100
TAKE 1 100
DROP 2 100
MOVE 2->1 100
TAKE 1 100
DROP 2 100
MOVE 2->1 100
TAKE 1 100
DROP 2 100
MOVE 2->1 100
TAKE 1 100
DROP 2 100
MOVE 2->1 100
TAKE 1 100
DROP 2 100
MOVE 2->1 100
TAKE 1 100
DROP 2 100
MOVE 2->1 100
TAKE 1 100
DROP 2 100
MOVE 2->1 100
TAKE 1 100
DROP 2 100
MOVE 2->1 100
TAKE 1 100
DROP 2 100
MOVE 2->1 100
TAKE 1 100
DROP 2 100
MOVE 2->1 100
TAKE 1 100
DROP 2 100
MOVE 2->1 100
TAKE 1 100
DROP 2 100
MOVE 2->1 100
TAKE 1 100
DROP 2 100
MOVE 2->1 100
TAKE 1 100
DROP 2 100
MOVE 2->1 100
TAKE 1 100
DROP 2 100
MOVE 2->1 100
TAKE 1 100
DROP 2 100
MOVE 2->1 100
TAKE 1 100
DROP 2 100
MOVE 2->1 100
TAKE 1 100
DROP 2 100
MOVE 2->1 100
TAKE 1 100
DROP 2 100
MOVE 2->1 100
TAKE 1 100
DROP 2 100
MOVE 2->1 100
TAKE 1 100
DROP 2 100
MOVE 2->1 100
TAKE 1 100
DROP 2 100
MOVE 2->1 100
TAKE 1 100
DROP 2 100
MOVE 2->1 100
TAKE 1 100
DROP 2 100
MOVE 2->1 100
TAKE 1 100
DROP 2 100
MOVE 2->1 100
TAKE 1 100
DROP 2 100
MOVE 2->1 100
TAKE 1 100
DROP 2 100
MOVE 2->1 100
TAKE 1 100
DROP 2 100
MOVE 2->1 100
TAKE 1 100
DROP 2 100
MOVE 2->1 100
TAKE 1 100
DROP 2 100
MOVE 2->1 100
TAKE 1 100
DROP 2 100
MOVE 2->1 100
TAKE 1 100
DROP 2 100
MOVE 2->1 100
TAKE 1 100
DROP 2 100
MOVE 2->1 100
TAKE 1 100
DROP 2 100
MOVE 2->1 100
TAKE 1 100
DROP 2 100
MOVE 2->1 100
TAKE 1 100
DROP 2 100
MOVE 2->1 100
TAKE 1 100
DROP 2 100
MOVE 2->1 100
TAKE 1 100
DROP 2 100
MOVE 2->1 100
TAKE 1 100
DROP 2 100
MOVE 2->1 100
TAKE 1 100
DROP 2 100
MOVE 2->1 100
TAKE 1 100
DROP 2 100
MOVE 2->1 100
TAKE 1 100
DROP 2 100
MOVE 2->1 100
TAKE 1 100
DROP 2 100
MOVE 2->1 100
TAKE 1 100
DROP 2 100
MOVE 2->1 100
TAKE 1 100
DROP 2 100
MOVE 2->1 100
TAKE 1 100
DROP 2 100
MOVE 2->1 100
TAKE 1 100
DROP 2 100
MOVE 2->1 100
TAKE 1 100
DROP 2 100
MOVE 2->1 100
TAKE 1 100
DROP 2 100
MOVE 2->1 100
TAKE 1 100
DROP 2 100
MOVE 2->1 100
TAKE 1 100
DROP 2 100
MOVE 2->1 100
TAKE 1 100
DROP 2 100
MOVE 2->1 100
TAKE 1 100
DROP 2 100
MOVE 2->1 100
TAKE 1 100
DROP 2 100
MOVE 2->1 100
TAKE 1 100
DROP 2 100
MOVE 2->1 100
TAKE 1 100
DROP 2 100
MOVE 2->1 100
TAKE 1 100
DROP 2 100
MOVE 2->1 100
TAKE 1 100
DROP 2 100
MOVE 2->1 100
TAKE 1 100
DROP 2 100
MOVE 2->1 100
TAKE 1 100
DROP 2 100
MOVE 2->1 100
TAKE 1 100
DROP 2 100
MOVE 2->1 100
TAKE 1 100
DROP 2 100
MOVE 2->1 100
TAKE 1 100
DROP 2 100
MOVE 2->1 100
TAKE 1 100
DROP 2 100
MOVE 2->1 100
TAKE 1 100
DROP 2 100
MOVE 2->1 100
TAKE 1 100
DROP 2 100
MOVE 2->1 100
TAKE 1 100
DROP 2 100
MOVE 2->1 100
TAKE 1 100
DROP 2 100
MOVE 2->1 100
TAKE 1 100
DROP 2 100
MOVE 2->1 100
TAKE 1 100
DROP 2 100
MOVE 2->1 100
TAKE 1 100
DROP 2 100
MOVE 2->1 100
TAKE 1 100
DROP 2 100
MOVE 2->1 100
TAKE 1 100
DROP 2 100
MOVE 2->1 100
TAKE 1 100
DROP 2 100
MOVE 2->1 100
TAKE 1 100
DROP 2 100
MOVE 2->1 100
TAKE 1 100
DROP 2 100
MOVE 2->1 100
TAKE 1 100
DROP 2 100
MOVE 2->1 100
TAKE 1 100
DROP 2 100
MOVE 2->1 100
TAKE 1 100
DROP 2 100
MOVE 2->1 100
TAKE 1 100
DROP 2 100
MOVE 2->1 100
TAKE 1 100
DROP 2 100
MOVE 2->1 100
TAKE 1 100
DROP 2 100
MOVE 2->1 100
TAKE 1 100
DROP 2 100
MOVE 2->1 100
TAKE 1 100
DROP 2 100
MOVE 2->1 100
TAKE 1 100
DROP 2 100
MOVE 2->1 100
TAKE 1 100
DROP 2 100
MOVE 2->1 100
TAKE 1 100
DROP 2 100
MOVE 2->1 100
TAKE 1 100
DROP 2 100
MOVE 2->1 100
TAKE 1 100
DROP 2 100
MOVE 2->1 100
TAKE 1 100
DROP 2 100
MOVE 2->1 100
TAKE 1 100
DROP 2 100
MOVE 2->1 100
TAKE 1 100
DROP 2 100
MOVE 2->1 100
TAKE 1 100
DROP 2 100
MOVE 2->1 100
TAKE 1 100
DROP 2 100
MOVE 2->1 100
TAKE 1 100
DROP 2 100
MOVE 2->1 100
TAKE 1 100
DROP 2 100
MOVE 2->1 100
TAKE 1 100
DROP 2 100
MOVE 2->1 100
TAKE 1 100
DROP 2 100
MOVE 2->1 100
TAKE 1 100
DROP 2 100
MOVE 2->1 100
TAKE 1 100
DROP 2 100
MOVE 2->1 100
TAKE 1 100
DROP 2 100
MOVE 2->1 100
TAKE 1 100
DROP 2 100
MOVE 2->1 100
TAKE 1 100
DROP 2 100
MOVE 2->1 100
TAKE 1 100
DROP 2 100
MOVE 2->1 100
TAKE 1 100
DROP 2 100
MOVE 2->1 100
TAKE 1 100
DROP 2 100
MOVE 2->1 100
TAKE 1 100
DROP 2 100
MOVE 2->1 100
TAKE 1 100
DROP 2 100
MOVE 2->1 100
TAKE 1 100
DROP 2 100
MOVE 2->1 100
TAKE 1 100
DROP 2 100
MOVE 2->1 100
TAKE 1 100
DROP 2 100
MOVE 2->1 100
TAKE 1 100
DROP 2 100
MOVE 2->1 100
TAKE 1 100
DROP 2 100
MOVE 2->1 100
TAKE 1 100
DROP 2 100
MOVE 2->1 100
TAKE 1 100
DROP 2 100
MOVE 2->1 100
TAKE 1 100
DROP 2 100
MOVE 2->1 100
TAKE 1 100
DROP 2 100
MOVE 2->1 100
TAKE 1 100
DROP 2 100
MOVE 2->1 100
TAKE 1 100
DROP 2 100
MOVE 2->1 100
TAKE 1 100
DROP 2 100
MOVE 2->1 100
TAKE 1 100
DROP 2 100
MOVE 2->1 100
TAKE 1 100
DROP 2 100
MOVE 2->1 100
TAKE 1 100
DROP 2 100
MOVE 2->1 100
TAKE 1 100
DROP 2 100
MOVE 2->1 100
TAKE 1 100
DROP 2 100
MOVE 2->1 100
TAKE 1 100
DROP 2 100
MOVE 2->1 100
TAKE 1 100
DROP 2 100
MOVE 2->1 100
TAKE 1 100
DROP 2 100
MOVE 2->1 100
TAKE 1 100
DROP 2 100
MOVE 2->1 100
TAKE 1 100
DROP 2 100
MOVE 2->1 100
TAKE 1 100
DROP 2 100
MOVE 2->1 100
TAKE 1 100
DROP 2 100
MOVE 2->1 100
TAKE 1 100
DROP 2 100
MOVE 2->1 100
TAKE 1 100
DROP 2 100
MOVE 2->1 100
TAKE 1 100
DROP 2 100
MOVE 2->1 100
TAKE 1 100
DROP 2 100
MOVE 2->1 100
TAKE 1 100
DROP 2 100
MOVE 2->1 100
TAKE 1 100
DROP 2 100
MOVE 2->1 100
TAKE 1 100
DROP 2 100
MOVE 2->1 100
TAKE 1 100
DROP 2 100
MOVE 2->1 100
TAKE 1 100
DROP 2 100
MOVE 2->1 100
TAKE 1 100
DROP 2 100
MOVE 2->1 100
TAKE 1 100
DROP 2 100
MOVE 2->1 100
TAKE 1 100
DROP 2 100
MOVE 2->1 100
TAKE 1 100
DROP 2 100
MOVE 2->1 100
TAKE 1 100
DROP 2 100
MOVE 2->1 100
TAKE 1 100
DROP 2 100
MOVE 2->1 100
TAKE 1 100
DROP 2 100
MOVE 2->1 100
TAKE 1 100
DROP 2 100
MOVE 2->1 100
TAKE 1 100
DROP 2 100
MOVE 2->1 100
TAKE 1 100
DROP 2 100
MOVE 2->1 100
TAKE 1 100
DROP 2 100
MOVE 2->1 100
TAKE 1 100
DROP 2 100
MOVE 2->1 100
TAKE 1 100
DROP 2 100
MOVE 2->1 100
TAKE 1 100
DROP 2 100
MOVE 2->1 100
TAKE 1 100
DROP 2 100
MOVE 2->1 100
TAKE 1 100
DROP 2 100
MOVE 2->1 100
TAKE 1 100
DROP 2 100
MOVE 2->1 100
TAKE 1 100
DROP 2 100
MOVE 2->1 100
TAKE 1 100
DROP 2 100
MOVE 2->1 100
TAKE 1 100
DROP 2 100
MOVE 2->1 100
TAKE 1 100
DROP 2 100
MOVE 2->1 100
TAKE 1 100
DROP 2 100
MOVE 2->1 100
TAKE 1 100
DROP 2 100
MOVE 2->1 100
TAKE 1 100
DROP 2 100
MOVE 2->1 100
TAKE 1 100
DROP 2 100
MOVE 2->1 100
TAKE 1 100
DROP 2 100
MOVE 2->1 100
TAKE 1 100
DROP 2 100
MOVE 2->1 100
TAKE 1 100
DROP 2 100
MOVE 2->1 100
TAKE 1 100
DROP 2 100
MOVE 2->1 100
TAKE 1 100
DROP 2 100
MOVE 2->1 100
TAKE 1 100
DROP 2 100
MOVE 2->1 100
TAKE 1 100
DROP 2 100
MOVE 2->1 100
TAKE 1 100
DROP 2 100
MOVE 2->1 100
TAKE 1 100
DROP 2 100
MOVE 2->1 100
TAKE 1 100
DROP 2 100
MOVE 2->1 100
TAKE 1 100
DROP 2 100
MOVE 2->1 100
TAKE 1 100
DROP 2 100
MOVE 2->1 100
TAKE 1 100
DROP 2 100
MOVE 2->1 100
TAKE 1 100
DROP 2 100
MOVE 2->1 100
TAKE 1 100
DROP 2 100
MOVE 2->1 100
TAKE 1 100
DROP 2 100
MOVE 2->1 100
TAKE 1 100
DROP 2 100
MOVE 2->1 100
TAKE 1 100
DROP 2 100
MOVE 2->1 100
TAKE 1 100
DROP 2 100
MOVE 2->1 100
TAKE 1 100
DROP 2 100
MOVE 2->1 100
TAKE 1 100
DROP 2 100
MOVE 2->1 100
TAKE 1 100

DROP 2 500
MOVE 2->1 500
TAKE 1 125
TAKE 1 125
TAKE 1 125
TAKE 1 125
DROP 2 500
DROP 2 500
MOVE 2->1 1000
TAKE 1 125
DROP 2 500
DROP 2 500
DROP 2 500
DROP 2 500
DROP 2 500
TAKE 1 125
DROP 2 500
DROP 2 500
DROP 2 500
TAKE 1 125
TAKE 1 125
TAKE 1 125
DROP 2 500
TAKE 1 125
DROP 2 500
DROP 2 500
TAKE 1 125
DROP 2 500
DROP 2 500
DROP 2 500
TAKE 1 125
DROP 2 500
MOVE 2->1 7500
TAKE 1 125
DROP 2 500
TAKE 1 125
TAKE 1 125
DROP 2 500
DROP 2 500
TAKE 1 125
DROP 2 500
DROP 2 500
DROP 2 500
DROP 2 500
TAKE 1 125
TAKE 1 125
DROP 2 500
DROP 2 500
DROP 2 500
TAKE 1 125
TAKE 1 125
TAKE 1 125
TAKE 1 125
DROP 2 500
DROP 2 500
TAKE 1 125
DROP 2 500
DROP 2 500
TAKE 1 125
TAKE 1 125
TAKE 1 125
DROP 2 500
DROP 2 500
DROP 2 500
TAKE 1 125
TAKE 1 125
DROP 2 500
DROP 2 500
DROP 2 500
TAKE 1 125
DROP 2 500
TAKE 1 125
DROP 2 500
TAKE 1 125
TAKE 1 125
DROP 2 500
DROP 2 500
DROP 2 500
DROP 2 500
DROP 2 500
TAKE 1 125
TAKE 1 125
DROP 2 500
TAKE 1 125
DROP 2 500
DROP 2 500
TAKE 1 125
TAKE 1 125
TAKE 1 125
DROP 2 500
TAKE 1 125
DROP 2 500
TAKE 1 125
DROP 2 500
DROP 2 500
TAKE 1 125
TAKE 1 125
TAKE 1 125
TAKE 1 125
DROP 2 500
TAKE 1 125
TAKE 1 125
TAKE 1 125
DROP 2 500
TAKE 1 125
DROP 2 500
DROP 2 500
DROP 2 500
TAKE 1 125
DROP 2 500
TAKE 1 125
TAKE 1 125
DROP 2 500
TAKE 1 125
DROP 2 500
TAKE 1 125
DROP 2 500
DROP 2 500
DROP 2 500
DROP 2 500
TAKE 1 125
DROP 2 500
DROP 2 500
DROP 2 500
DROP 2 500
DROP 2 500
DROP 2 500
TAKE 1 125
TAKE 1 125
TAKE 1 125
TAKE 1 125
TAKE 1 125
DROP 2 500
DROP 2 500
TAKE 1 125
TAKE 1 125
TAKE 1 125
DROP 2 500
TAKE 1 125
TAKE 1 125
DROP 2 500
TAKE 1 125
TAKE 1 125
DROP 2 500
TAKE 1 125
DROP 2 500
DROP 2 500
DROP 2 500
DROP 2 500
TAKE 1 125
DROP 2 500
DROP 2 500
DROP 2 500
DROP 2 500
DROP 2 500
TAKE 1 125
TAKE 1 125
DROP 2 500
TAKE 1 125
DROP 2 500
TAKE 1 125
DROP 2 500
MOVE 2->1 34500
TAKE 1 125
DROP 2 500
TAKE 1 125
TAKE 1 125
TAKE 1 125
TAKE 1 125
DROP 2 500
TAKE 1 125
TAKE 1 125
DROP 2 500
TAKE 1 125
DROP 2 500
DROP 2 500
DROP 2 500
TAKE 1 125
DROP 2 500
DROP 2 500
TAKE 1 125
TAKE 1 125
TAKE 1 125
TAKE 1 125
DROP 2 500
DROP 2 500
DROP 2 500
TAKE 1 125
DROP 2 500
TAKE 1 125
TAKE 1 125
DROP 2 500
TAKE 1 125
TAKE 1 125
DROP 2 500
DROP 2 500
DROP 2 500
TAKE 1 125
DROP 2 500
DROP 2 500
DROP 2 500
TAKE 1 125
TAKE 1 125
TAKE 1 125
TAKE 1 125
DROP 2 500
DROP 2 500
TAKE 1 125
DROP 2 500
TAKE 1 125
DROP 2 500
TAKE 1 125
TAKE 1 125
TAKE 1 125
TAKE 1 125
DROP 2 500
DROP 2 500
DROP 2 500
TAKE 1 125
TAKE 1 125
DROP 2 500
TAKE 1 125
TAKE 1 125
TAKE 1 125
DROP 2 500
TAKE 1 125
DROP 2 500
DROP 2 500
TAKE 1 125
DROP 2 500
TAKE 1 125
TAKE 1 125
TAKE 1 125
DROP 2 500
DROP 2 500
TAKE 1 125
TAKE 1 125
TAKE 1 125
TAKE 1 125
DROP 2 500
DROP 2 500
TAKE 1 125
TAKE 1 125
DROP 2 500
DROP 2 500
TAKE 1 125
TAKE 1 125
DROP 2 500
DROP 2 500
TAKE 1 125
TAKE 1 125
TAKE 1 125
TAKE 1 125
DROP 2 500
TAKE 1 125
TAKE 1 125
DROP 2 500
TAKE 1 125
DROP 2 500
TAKE 1 125
TAKE 1 125
TAKE 1 125
DROP 2 500
TAKE 1 125
TAKE 1 125
DROP 2 500
TAKE 1 125
DROP 2 500
DROP 2 500
DROP 2 500
TAKE 1 125
DROP 2 500
DROP 2 500
DROP 2 500
TAKE 1 125
TAKE 1 125
DROP 2 500
TAKE 1 125
TAKE 1 125
DROP 2 500
TAKE 1 125
DROP 2 500
TAKE 1 125
TAKE 1 125
TAKE 1 125
TAKE 1 125
TAKE 1 125
TAKE 1 125
TAKE 1 125
TAKE 1 125
DROP 2 500
DROP 2 500
DROP 2 500
TAKE 1 125
TAKE 1 125
DROP 2 500
DROP 2 500
TAKE 1 125
TAKE 1 125
TAKE 1 125
TAKE 1 125
DROP 2 500
TAKE 1 125
TAKE 1 125
DROP 2 500
DROP 2 500
TAKE 1 125
TAKE 1 125
TAKE 1 125
TAKE 1 125
DROP 2 500
DROP 2 500
DROP 2 500
DROP 2 500
DROP 2 500
DROP 2 500
DROP 2 500
TAKE 1 125
DROP 2 500
TAKE 1 125
DROP 2 500
TAKE 1 125
TAKE 1 125
TAKE 1 125
TAKE 1 125
TAKE 1 125
DROP 2 500
TAKE 1 125
DROP 2 500
TAKE 1 125
TAKE 1 125
TAKE 1 125
DROP 2 500
TAKE 1 125
DROP 2 500
TAKE 1 125
DROP 2 500
TAKE 1 125
TAKE 1 125
DROP 2 500
TAKE 1 125
DROP 2 500
TAKE 1 125
DROP 2 500
TAKE 1 125
DROP 2 500
TAKE 1 125
DROP 2 500
TAKE 1 125
DROP 2 500
DROP 2 500
DROP 2 500
DROP 2 500
DROP 2 500
TAKE 1 125
DROP 2 500
DROP 2 500
TAKE 1 125
DROP 2 500
DROP 2 500
TAKE 1 125
TAKE 1 125
DROP 2 500
DROP 2 500
DROP 2 500
TAKE 1 125
DROP 2 500
DROP 2 500
TAKE 1 125
TAKE 1 125
DROP 2 500
DROP 2 500
TAKE 1 125
DROP 2 500
TAKE 1 125
DROP 2 500
DROP 2 500
TAKE 1 125
DROP 2 500
TAKE 1 125
DROP 2 500
DROP 2 500
DROP 2 500
TAKE 1 125
DROP 2 500
TAKE 1 125
TAKE 1 125
TAKE 1 125
DROP 2 500
TAKE 1 125
DROP 2 500
TAKE 1 125
DROP 2 500
TAKE 1 125
DROP 2 500
DROP 2 500
DROP 2 500
TAKE 1 125
DROP 2 500
TAKE 1 125
DROP 2 500
DROP 2 500
TAKE 1 125
TAKE 1 125
TAKE 1 125
TAKE 1 125
TAKE 1 125
TAKE 1 125
TAKE 1 125
TAKE 1 125
TAKE 1 125
TAKE 1 125
TAKE 1 125
TAKE 1 125
TAKE 1 125
TAKE 1 125
TAKE 1 125
TAKE 1 125
TAKE 1 125
TAKE 1 125
TAKE 1 125
TAKE 1 125
TAKE 1 125
TAKE 1 125
TAKE 1 125
TAKE 1 125
TAKE 1 125
TAKE 1 125
TAKE 1 125
TAKE 1 125
TAKE 1 125
TAKE 1 125
TAKE 1 125
TAKE 1 125
TAKE 1 125
TAKE 1 125
TAKE 1 125
TAKE 1 125
TAKE 1 125
TAKE 1 125
TAKE 1 125
TAKE 1 125
TAKE 1 125
TAKE 1 125
TAKE 1 125
TAKE 1 125
TAKE 1 125
TAKE 1 125
TAKE 1 125
TAKE 1 125
TAKE 1 125
TAKE 1 125
TAKE 1 125
TAKE 1 125
TAKE 1 125
TAKE 1 125
TAKE 1 125
TAKE 1 125
TAKE 1 125
TAKE 1 125
TAKE 1 125
TAKE 1 125
TAKE 1 125
TAKE 1 125
TAKE 1 125
TAKE 1 125
TAKE 1 125
TAKE 1 125
TAKE 1 125
TAKE 1 125
TAKE 1 125
TAKE 1 125
TAKE 1 125
TAKE 1 125
TAKE 1 125
TAKE 1 125
TAKE 1 125
TAKE 1 125
TAKE 1 125
TAKE 1 125
TAKE 1 125
TAKE 1 125
TAKE 1 125
TAKE 1 125
TAKE 1 125
TAKE 1 125
TAKE 1 125
TAKE 1 125
TAKE 1 125
TAKE 1 125
TAKE 1 125
TAKE 1 125
TAKE 1 125
TAKE 1 125
TAKE 1 125
TAKE 1 125
TAKE 1 125
TAKE 1 125
TAKE 1 125
TAKE 1 125
TAKE 1 125
TAKE 1 125
TAKE 1 125
TAKE 1 125
TAKE 1 125
TAKE 1 125
TAKE 1 125
TAKE 1 125
TAKE 1 125
TAKE 1 125
TAKE 1 125
TAKE 1 125
TAKE 1 125
TAKE 1 125
TAKE 1 125
TAKE 1 125
TAKE 1 125
TAKE 1 125
TAKE 1 125
TAKE 1 125
TAKE 1 125
TAKE 1 125
TAKE 1 125
TAKE 1 125
TAKE 1 125
TAKE 1 125
TAKE 1 125
TAKE 1 125
TAKE 1 125
TAKE 1 125
TAKE 1 125
TAKE 1 125
TAKE 1 125
TAKE 1 125
TAKE 1 125
TAKE 1 125
TAKE 1 125
TAKE 1 125
TAKE 1 125
TAKE 1 125
TAKE 1 125
TAKE 1 125
TAKE 1 125
TAKE 1 125
TAKE 1 125
TAKE 1 125
TAKE 1 125
TAKE 1 125
TAKE 1 125
TAKE 1 125
TAKE 1 125
TAKE 1 125
MOVE 2->1 56500
TAKE 1 125
TAKE 1 125
TAKE 1 125
TAKE 1 125
TAKE 1 125
TAKE 1 125
TAKE 1 125
TAKE 1 125
TAKE 1 125
TAKE 1 125
TAKE 1 125
TAKE 1 125
TAKE 1 125
TAKE 1 125
TAKE 1 125
TAKE 1 125
TAKE 1 125
TAKE 1 125
TAKE 1 125
TAKE 1 125
TAKE 1 125
TAKE 1 125
TAKE 1 125
TAKE 1 125
TAKE 1 125
TAKE 1 125
TAKE 1 125
TAKE 1 125
TAKE 1 125
TAKE 1 125
TAKE 1 125
TAKE 1 125
TAKE 1 125
TAKE 1 125
TAKE 1 125
TAKE 1 125
TAKE 1 125
TAKE 1 125
TAKE 1 125
TAKE 1 125
TAKE 1 125
TAKE 1 125
TAKE 1 125
TAKE 1 125
TAKE 1 125
TAKE 1 125
TAKE 1 125
TAKE 1 125
TAKE 1 125
TAKE 1 125
TAKE 1 125
TAKE 1 125
TAKE 1 125
TAKE 1 125
TAKE 1 125
TAKE 1 125
TAKE 1 125
TAKE 1 125
TAKE 1 125
TAKE 1 125
TAKE 1 125
TAKE 1 125
TAKE 1 125
TAKE 1 125
TAKE 1 125
TAKE 1 125
TAKE 1 125
TAKE 1 125
TAKE 1 125
TAKE 1 125
TAKE 1 125
TAKE 1 125
TAKE 1 125
TAKE 1 125
TAKE 1 125
TAKE 1 125
TAKE 1 125
TAKE 1 125
TAKE 1 125
TAKE 1 125
TAKE 1 125
TAKE 1 125
TAKE 1 125
TAKE 1 125
TAKE 1 125
TAKE 1 125
TAKE 1 125
TAKE 1 125
TAKE 1 125
TAKE 1 125
TAKE 1 125
TAKE 1 125
TAKE 1 125
TAKE 1 125
TAKE 1 125
TAKE 1 125
TAKE 1 125
TAKE 1 125
TAKE 1 125
TAKE 1 125
TAKE 1 125
TAKE 1 125
TAKE 1 125
TAKE 1 125
TAKE 1 125
TAKE 1 125
TAKE 1 125
TAKE 1 125
TAKE 1 125
TAKE 1 125
TAKE 1 125
TAKE 1 125
TAKE 1 125
TAKE 1 125
TAKE 1 125
TAKE 1 125
TAKE 1 125
TAKE 1 125
TAKE 1 125
TAKE 1 125
TAKE 1 125
TAKE 1 125
TAKE 1 125
TAKE 1 125
TAKE 1 125
TAKE 1 125
TAKE 1 125
TAKE 1 125
TAKE 1 125
TAKE 1 125
TAKE 1 125
TAKE 1 125
TAKE 1 125
TAKE 1 125
TAKE 1 125
TAKE 1 125
TAKE 1 125
TAKE 1 125
TAKE 1 125
TAKE 1 125
TAKE 1 125
TAKE 1 125
TAKE 1 125
TAKE 1 125
TAKE 1 125
TAKE 1 125
TAKE 1 125
TAKE 1 125
TAKE 1 125
TAKE 1 125
TAKE 1 125
TAKE 1 125
TAKE 1 125
TAKE 1 125
TAKE 1 125
TAKE 1 125
TAKE 1 125
TAKE 1 125
TAKE 1 125
TAKE 1 125
TAKE 1 125
TAKE 1 125
TAKE 1 125
TAKE 1 125
TAKE 1 125
TAKE 1 125
TAKE 1 125
TAKE 1 125
TAKE 1 125
TAKE 1 125
TAKE 1 125
TAKE 1 125
TAKE 1 125
TAKE 1 125
TAKE 1 125
TAKE 1 125
TAKE 1 125
TAKE 1 125
TAKE 1 125
TAKE 1 125
TAKE 1 125
TAKE 1 125
TAKE 1 125
TAKE 1 125
TAKE 1 125
TAKE 1 125
TAKE 1 125
TAKE 1 125
TAKE 1 125
TAKE 1 125
TAKE 1 125
TAKE 1 125
TAKE 1 125
TAKE 1 125
TAKE 1 125
TAKE 1 125
TAKE 1 125
TAKE 1 125
TAKE 1 125
TAKE 1 125
TAKE 1 125
TAKE 1 125
TAKE 1 125
TAKE 1 125
TAKE 1 125
TAKE 1 125
TAKE 1 125
TAKE 1 125
TAKE 1 125
TAKE 1 125
TAKE 1 125
TAKE 1 125
TAKE 1 125
TAKE 1 125
TAKE 1 125
TAKE 1 125
TAKE 1 125
TAKE 1 125
TAKE 1 125
TAKE 1 125
TAKE 1 125
TAKE 1 125
TAKE 1 125
TAKE 1 125
TAKE 1 125
TAKE 1 125
TAKE 1 125
TAKE 1 125
TAKE 1 125
TAKE 1 125
TAKE 1 125
TAKE 1 125
TAKE 1 125
TAKE 1 125
TAKE 1 125
TAKE 1 125
TAKE 1 125
TAKE 1 125
TAKE 1 125
TAKE 1 125
TAKE 1 125
TAKE 1 125
TAKE 1 125
TAKE 1 125
TAKE 1 125
TAKE 1 125
TAKE 1 125
TAKE 1 125
TAKE 1 125
TAKE 1 125
TAKE 1 125
TAKE 1 125
TAKE 1 125
TAKE 1 125
TAKE 1 125
TAKE 1 125
TAKE 1 125
TAKE 1 125
TAKE 1 125
TAKE 1 125
TAKE 1 125
TAKE 1 125
TAKE 1 125
TAKE 1 125
TAKE 1 125
TAKE 1 125
TAKE 1 125
TAKE 1 125
TAKE 1 125
TAKE 1 125
TAKE 1 125
TAKE 1 125
TAKE 1 125
TAKE 1 125
TAKE 1 125
TAKE 1 125
TAKE 1 125
TAKE 1 125
TAKE 1 125
TAKE 1 125
TAKE 1 125
TAKE 1 125
TAKE 1 125
TAKE 1 125
TAKE 1 125
TAKE 1 125
TAKE 1 125
TAKE 1 125
TAKE 1 125
TAKE 1 125
TAKE 1 125
TAKE 1 125
TAKE 1 125
TAKE 1 125
TAKE 1 125
TAKE 1 125
TAKE 1 125
TAKE 1 125
TAKE 1 125
TAKE 1 125
TAKE 1 125
TAKE 1 125
TAKE 1 125
TAKE 1 125
TAKE 1 125
TAKE 1 125
TAKE 1 125
TAKE 1 125
TAKE 1 125
TAKE 1 125
TAKE 1 125
TAKE 1 125
TAKE 1 125
TAKE 1 125
TAKE 1 125
TAKE 1 125
TAKE 1 125
TAKE 1 125
TAKE 1 125
TAKE 1 125
TAKE 1 125
TAKE 1 125
TAKE 1 125
TAKE 1 125
TAKE 1 125
TAKE 1 125
TAKE 1 125
TAKE 1 125
TAKE 1 125
TAKE 1 125
TAKE 1 125
TAKE 1 125
TAKE 1 125
TAKE 1 125
TAKE 1 125
TAKE 1 125
TAKE 1 125
TAKE 1 125
TAKE 1 125
TAKE 1 125
TAKE 1 125
TAKE 1 125
TAKE 1 125
TAKE 1 125
TAKE 1 125
TAKE 1 125
TAKE 1 125
TAKE 1 125
TAKE 1 125
TAKE 1 125
TAKE 1 125
TAKE 1 125
TAKE 1 125
TAKE 1 125
TAKE 1 125
TAKE 1 125
TAKE 1 125
TAKE 1 125
TAKE 1 125
TAKE 1 125
TAKE 1 125
TAKE 1 125
TAKE 1 125
TAKE 1 125
TAKE 1 125
TAKE 1 125
TAKE 1 125
TAKE 1 125
TAKE 1 125
TAKE 1 125
TAKE 1 125
TAKE 1 125
TAKE 1 125
TAKE 1 125
TAKE 1 125
TAKE 1 125
TAKE 1 125
TAKE 1 125
TAKE 1 125
TAKE 1 125
TAKE 1 125
TAKE 1 125
TAKE 1 125
TAKE 1 125
TAKE 1 125
TAKE 1 125
TAKE 1 125
TAKE 1 125
TAKE 1 125
TAKE 1 125
TAKE 1 125
TAKE 1 125
TAKE 1 125
TAKE 1 125
TAKE 1 125
TAKE 1 125
TAKE 1 125
TAKE 1 125
TAKE 1 125
TAKE 1 125
TAKE 1 125
TAKE 1 125
TAKE 1 125
TAKE 1 125
TAKE 1 125
TAKE 1 125
TAKE 1 125
TAKE 1 125
TAKE 1 125
TAKE 1 125
TAKE 1 125
TAKE 1 125
TAKE 1 125
TAKE 1 125
TAKE 1 125
TAKE 1 125
TAKE 1 125
TAKE 1 125
TAKE 1 125
TAKE 1 125
TAKE 1 125
TAKE 1 125
TAKE 1 125
TAKE 1 125
TAKE 1 125
TAKE 1 125
TAKE 1 125
TAKE 1 125
TAKE 1 125
TAKE 1 125
TAKE 1 125
TAKE 1 125
TAKE 1 125
TAKE 1 125
TAKE 1 125
TAKE 1 125
TAKE 1 125
TAKE 1 125
TAKE 1 125
TAKE 1 125
TAKE 1 125
TAKE 1 125
TAKE 1 125
TAKE 1 125
TAKE 1 125
TAKE 1 125
TAKE 1 125
TAKE 1 125
TAKE 1 125
TAKE 1 125
TAKE 1 125
TAKE 1 125

DROP 2 4476
DROP 2 35296
MOVE 2->1 39772
TAKE 1 1094
DROP 2 14147
TAKE 1 11175
DROP 2 146
DROP 2 441
TAKE 1 23302
TAKE 1 3428
DROP 2 156
TAKE 1 404
TAKE 1 369
MOVE 2->1 14890
TAKE 1 14560
TAKE 1 110
DROP 2 2
TAKE 1 130
TAKE 1 9
TAKE 1 81
MOVE 2->1 2
TAKE 1 2
DROP 2 1
DROP 2 17
MOVE 2->1 18
TAKE 1 14
TAKE 1 3
DROP 2 1
TAKE 1 1
MOVE 2->1 1
TAKE 1 1
DROP 2 2
DROP 2 3
MOVE 2->1 5
TAKE 1 1
DROP 2 2
DROP 2 3
DROP 2 1
TAKE 1 4
MOVE 2->1 6
TAKE 1 6
DROP 2 2
DROP 2 1
DROP 2 1
DROP 2 1
DROP 2 1
MOVE 2->1 6
TAKE 1 4
TAKE 1 1
TAKE 1 1
DROP 2 2
MOVE 2->1 2
TAKE 1 2
DROP 2 3
MOVE 2->1 3
TAKE 1 1
TAKE 1 1
DROP 2 4
TAKE 1 1
MOVE 2->1 4
TAKE 1 1
TAKE 1 1
TAKE 1 2
DROP 2 2
MOVE 2->1 2
TAKE 1 2
DROP 2 3
DROP 2 1
DROP 2 1
MOVE 2->1 5
TAKE 1 2
DROP 2 1
TAKE 1 3
MOVE 2->1 1
TAKE 1 1
DROP 2 3
MOVE 2->1 3
TAKE 1 2
TAKE 1 1
DROP 2 4
DROP 2 1
MOVE 2->1 5
TAKE 1 1
DROP 2 1
TAKE 1 1
TAKE 1 3
MOVE 2->1 1
TAKE 1 1
DROP 2 4
MOVE 2->1 4
TAKE 1 1
TAKE 1 2
DROP 2 1
DROP 2 2
DROP 2 2
TAKE 1 1
MOVE 2->1 5
TAKE 1 2
DROP 2 2
TAKE 1 3
MOVE 2->1 2
TAKE 1 2
DROP 2 1
DROP 2 1
DROP 2 2
MOVE 2->1 4
TAKE 1 4
DROP 2 2
MOVE 2->1 2
TAKE 1 1
DROP 2 2
TAKE 1 1
MOVE 2->1 2
TAKE 1 2
DROP 2 1
MOVE 2->1 1
TAKE 1 1
DROP 2 1
MOVE 2->1 1
TAKE 1 1
DROP 2 2
MOVE 2->1 2
TAKE 1 1
TAKE 1 1
DROP 2 1
MOVE 2->1 1
TAKE 1 1
DROP 2 3
MOVE 2->1 3
TAKE 1 3
DROP 2 2
MOVE 2->1 2
TAKE 1 1
TAKE 1 1
DROP 2 2
MOVE 2->1 2
TAKE 1 1
DROP 2 3
DROP 2 1
DROP 2 2
DROP 2 2
DROP 2 1
TAKE 1 1
MOVE 2->1 9
TAKE 1 5
DROP 2 1
TAKE 1 4
MOVE 2->1 1
TAKE 1 1

DROP 2 24566
DROP 2 1245
DROP 2 32
DROP 2 174
DROP 2 485
MOVE 2->1 26502
TAKE 1 21060
DROP 2 33
TAKE 1 3620
DROP 2 2
DROP 2 22
DROP 2 1
TAKE 1 102
DROP 2 1
DROP 2 2
DROP 2 1
DROP 2 2
TAKE 1 724
DROP 2 2
DROP 2 1
TAKE 1 35
TAKE 1 526
TAKE 1 130
TAKE 1 236
TAKE 1 14
DROP 2 4
DROP 2 2
TAKE 1 55
MOVE 2->1 73
TAKE 1 68
TAKE 1 2
DROP 2 2
TAKE 1 2
TAKE 1 1
MOVE 2->1 2
TAKE 1 2
DROP 2 5
MOVE 2->1 5
TAKE 1 2
DROP 2 1
TAKE 1 1
TAKE 1 1
DROP 2 4
TAKE 1 1
MOVE 2->1 5
TAKE 1 3
TAKE 1 1
TAKE 1 1
DROP 2 4
MOVE 2->1 4
TAKE 1 4
DROP 2 2
DROP 2 1
DROP 2 1
DROP 2 1
DROP 2 1
DROP 2 1
MOVE 2->1 7
TAKE 1 6
TAKE 1 1
DROP 2 2
MOVE 2->1 2
TAKE 1 2
DROP 2 3
MOVE 2->1 3
TAKE 1 1
TAKE 1 2
DROP 2 3
DROP 2 1
DROP 2 1
DROP 2 1
DROP 2 1
DROP 2 1
MOVE 2->1 8
TAKE 1 2
TAKE 1 1
DROP 2 2
DROP 2 2
DROP 2 1
DROP 2 1
DROP 2 1
TAKE 1 5
MOVE 2->1 7
TAKE 1 6
TAKE 1 1
DROP 2 2
MOVE 2->1 2
TAKE 1 2
DROP 2 2
MOVE 2->1 2
TAKE 1 2
DROP 2 1
DROP 2 3
DROP 2 1
DROP 2 1
MOVE 2->1 6
TAKE 1 5
TAKE 1 1
DROP 2 2
DROP 2 2
DROP 2 1
DROP 2 1
DROP 2 1
MOVE 2->1 7
TAKE 1 7
DROP 2 1
MOVE 2->1 1
TAKE 1 1
DROP 2 1
MOVE 2->1 1
TAKE 1 1
DROP 2 2
DROP 2 2
DROP 2 1
MOVE 2->1 5
TAKE 1 5
DROP 2 2
DROP 2 2
MOVE 2->1 4
TAKE 1 3
DROP 2 2
DROP 2 1
DROP 2 1
TAKE 1 1
DROP 2 2
MOVE 2->1 6
TAKE 1 6
DROP 2 1
DROP 2 1
MOVE 2->1 2
TAKE 1 1
DROP 2 2
TAKE 1 1
MOVE 2->1 2
TAKE 1 1
TAKE 1 1
DROP 2 3
MOVE 2->1 3
TAKE 1 3
DROP 2 1
MOVE 2->1 1
TAKE 1 1
DROP 2 4
DROP 2 1
MOVE 2->1 5
TAKE 1 3
TAKE 1 2
DROP 2 3
DROP 2 1
MOVE 2->1 4
TAKE 1 1
DROP 2 2
DROP 2 1
TAKE 1 2
DROP 2 1
TAKE 1 1
DROP 2 1
MOVE 2->1 5
TAKE 1 2
DROP 2 3
TAKE 1 3
MOVE 2->1 3
TAKE 1 2
TAKE 1 1
DROP 2 2
DROP 2 2
DROP 2 2
DROP 2 2
DROP 2 1
MOVE 2->1 9
TAKE 1 2
DROP 2 2
TAKE 1 1
TAKE 1 2
TAKE 1 4
MOVE 2->1 2
TAKE 1 2
DROP 2 2
DROP 2 3
MOVE 2->1 5
TAKE 1 2
DROP 2 1
TAKE 1 3
MOVE 2->1 1
TAKE 1 1
DROP 2 4
DROP 2 1
DROP 2 1
DROP 2 1
DROP 2 1
MOVE 2->1 8
TAKE 1 4
TAKE 1 4
DROP 2 3
MOVE 2->1 3
TAKE 1 3
DROP 2 2
MOVE 2->1 2
TAKE 1 1
DROP 2 2
DROP 2 1
DROP 2 1
TAKE 1 1
MOVE 2->1 4
TAKE 1 1
TAKE 1 2
TAKE 1 1

DROP 2 35134
DROP 2 55069
MOVE 2->1 90203
TAKE 1 50230
TAKE 1 25486
DROP 2 279
TAKE 1 3772
DROP 2 184
DROP 2 194
DROP 2 36
TAKE 1 4351
TAKE 1 5675
DROP 2 16
TAKE 1 689
MOVE 2->1 709
TAKE 1 504
TAKE 1 50
TAKE 1 4
DROP 2 47
TAKE 1 6
DROP 2 6
TAKE 1 99
TAKE 1 46
MOVE 2->1 53
TAKE 1 9
TAKE 1 2
DROP 2 30
TAKE 1 7
TAKE 1 7
DROP 2 2
DROP 2 2
TAKE 1 28
MOVE 2->1 34
TAKE 1 1
TAKE 1 3
DROP 2 2
DROP 2 3
DROP 2 1
TAKE 1 11
DROP 2 2
TAKE 1 19
MOVE 2->1 8
TAKE 1 1
TAKE 1 7
DROP 2 1
DROP 2 1
DROP 2 2
MOVE 2->1 4
TAKE 1 3
DROP 2 3
DROP 2 1
TAKE 1 1
MOVE 2->1 4
TAKE 1 4
DROP 2 1
DROP 2 2
MOVE 2->1 3
TAKE 1 3
DROP 2 2
DROP 2 1
DROP 2 1
MOVE 2->1 4
TAKE 1 4
DROP 2 2
DROP 2 1
MOVE 2->1 3
TAKE 1 2
DROP 2 2
TAKE 1 1
MOVE 2->1 2
TAKE 1 1
TAKE 1 1
DROP 2 3
MOVE 2->1 3
TAKE 1 1
TAKE 1 2
DROP 2 2
DROP 2 1
MOVE 2->1 3
TAKE 1 3
DROP 2 1
DROP 2 1
MOVE 2->1 2
TAKE 1 2
DROP 2 3
MOVE 2->1 3
TAKE 1 1
TAKE 1 2
DROP 2 3
MOVE 2->1 3
TAKE 1 3
DROP 2 2
MOVE 2->1 2
TAKE 1 2
DROP 2 2
DROP 2 2
MOVE 2->1 4
TAKE 1 1
TAKE 1 2
TAKE 1 1
DROP 2 4
DROP 2 1
MOVE 2->1 5
TAKE 1 2
DROP 2 1
TAKE 1 2
DROP 2 3
TAKE 1 1
MOVE 2->1 4
TAKE 1 3
TAKE 1 1
DROP 2 3
DROP 2 1
MOVE 2->1 4
TAKE 1 3
DROP 2 1
TAKE 1 1
MOVE 2->1 1
TAKE 1 1
DROP 2 3
DROP 2 1
DROP 2 1
DROP 2 1
MOVE 2->1 6
TAKE 1 5
DROP 2 1
TAKE 1 1
MOVE 2->1 1
TAKE 1 1
DROP 2 3
MOVE 2->1 3
TAKE 1 1
DROP 2 2
DROP 2 1
DROP 2 1
TAKE 1 2
MOVE 2->1 4
TAKE 1 1
DROP 2 2
TAKE 1 3
DROP 2 3
MOVE 2->1 5
TAKE 1 4
TAKE 1 1
DROP 2 1
MOVE 2->1 1
TAKE 1 1
DROP 2 3
DROP 2 2
DROP 2 1
MOVE 2->1 6
TAKE 1 2
TAKE 1 4
DROP 2 2
MOVE 2->1 2
TAKE 1 2
DROP 2 3
DROP 2 1
DROP 2 1
DROP 2 1
MOVE 2->1 6
TAKE 1 5
DROP 2 2
DROP 2 1
TAKE 1 1
MOVE 2->1 3
TAKE 1 1
TAKE 1 2
DROP 2 2
DROP 2 1
MOVE 2->1 3
TAKE 1 2
DROP 2 2
DROP 2 1
TAKE 1 1
MOVE 2->1 3
TAKE 1 2
TAKE 1 1
DROP 2 3
DROP 2 1
MOVE 2->1 4
TAKE 1 2
TAKE 1 2
DROP 2 4
MOVE 2->1 4
TAKE 1 4
DROP 2 2
MOVE 2->1 2
TAKE 1 1
TAKE 1 1
DROP 2 3
MOVE 2->1 3
TAKE 1 1
DROP 2 1
DROP 2 2
TAKE 1 1
TAKE 1 1
MOVE 2->1 3
TAKE 1 2
TAKE 1 1
DROP 2 3
MOVE 2->1 3
TAKE 1 3
DROP 2 3
DROP 2 1
MOVE 2->1 4
TAKE 1 1
TAKE 1 1
DROP 2 2
DROP 2 1
DROP 2 2
TAKE 1 2
MOVE 2->1 5
TAKE 1 2
DROP 2 1
DROP 2 2
TAKE 1 3
DROP 2 1
DROP 2 2
DROP 2 1
DROP 2 1
MOVE 2->1 8
TAKE 1 8
DROP 2 2
MOVE 2->1 2
TAKE 1 2
DROP 2 1
MOVE 2->1 1
TAKE 1 1
DROP 2 2
DROP 2 2
DROP 2 1
DROP 2 1
DROP 2 1
MOVE 2->1 7
TAKE 1 2
DROP 2 1
DROP 2 2
TAKE 1 4
TAKE 1 1
MOVE 2->1 3
TAKE 1 2
TAKE 1 1
DROP 2 4
MOVE 2->1 4
TAKE 1 1
DROP 2 2
TAKE 1 3
MOVE 2->1 2
TAKE 1 1
DROP 2 1
TAKE 1 1
MOVE 2->1 1
TAKE 1 1
DROP 2 2
MOVE 2->1 2
TAKE 1 2
DROP 2 3
DROP 2 1
DROP 2 1
MOVE 2->1 5
TAKE 1 4
DROP 2 1
TAKE 1 1
MOVE 2->1 1
TAKE 1 1
DROP 2 1
DROP 2 2
DROP 2 2
DROP 2 2
DROP 2 1
MOVE 2->1 8
TAKE 1 4
DROP 2 2
TAKE 1 4
MOVE 2->1 2
TAKE 1 2
DROP 2 2
DROP 2 1
MOVE 2->1 3
TAKE 1 3
DROP 2 1
MOVE 2->1 1
TAKE 1 1
DROP 2 3
DROP 2 1
MOVE 2->1 4
TAKE 1 3
TAKE 1 1
DROP 2 3
MOVE 2->1 3
TAKE 1 2
TAKE 1 1
DROP 2 3
DROP 2 1
DROP 2 1
DROP 2 1
DROP 2 1
MOVE 2->1 7
TAKE 1 3
DROP 2 2
DROP 2 1
TAKE 1 4
MOVE 2->1 3
TAKE 1 2
DROP 2 1
DROP 2 2
TAKE 1 1
MOVE 2->1 3
TAKE 1 1
DROP 2 2
TAKE 1 2
MOVE 2->1 2
TAKE 1 1
DROP 2 1
DROP 2 1
DROP 2 1
DROP 2 1
DROP 2 2
DROP 2 1
DROP 2 1
DROP 2 1
DROP 2 1
DROP 2 1
DROP 2 1
TAKE 1 1
MOVE 2->1 12
TAKE 1 1
DROP 2 1
TAKE 1 4
DROP 2 3
DROP 2 1
TAKE 1 2
TAKE 1 5
MOVE 2->1 5
TAKE 1 3
DROP 2 3
TAKE 1 2
DROP 2 2
MOVE 2->1 5
TAKE 1 1
TAKE 1 1
TAKE 1 3
DROP 2 1
DROP 2 4
MOVE 2->1 5
TAKE 1 2
TAKE 1 1
TAKE 1 2
DROP 2 1
MOVE 2->1 1
TAKE 1 1
DROP 2 5
MOVE 2->1 5
TAKE 1 5
DROP 2 2
MOVE 2->1 2
TAKE 1 2
DROP 2 1
DROP 2 1
DROP 2 2
DROP 2 1
DROP 2 1
DROP 2 1
MOVE 2->1 7
TAKE 1 7
DROP 2 2
MOVE 2->1 2
TAKE 1 1
DROP 2 2
TAKE 1 1
DROP 2 1
MOVE 2->1 3
TAKE 1 1
TAKE 1 2
DROP 2 4
DROP 2 1
MOVE 2->1 5
TAKE 1 3
TAKE 1 1
DROP 2 3
TAKE 1 1
MOVE 2->1 3
TAKE 1 2
TAKE 1 1
DROP 2 2
MOVE 2->1 2
TAKE 1 2
DROP 2 3
MOVE 2->1 3
TAKE 1 2
DROP 2 1
DROP 2 1
DROP 2 2
TAKE 1 1
DROP 2 1
MOVE 2->1 5
TAKE 1 5
DROP 2 3
MOVE 2->1 3
TAKE 1 3
DROP 2 1
DROP 2 1
DROP 2 2
DROP 2 1
DROP 2 1
DROP 2 1
MOVE 2->1 7
TAKE 1 1
DROP 2 2
DROP 2 1
DROP 2 1
DROP 2 1
DROP 2 1
TAKE 1 2
DROP 2 1
TAKE 1 3
TAKE 1 1
MOVE 2->1 7
TAKE 1 4
TAKE 1 1
DROP 2 3
TAKE 1 1
DROP 2 4
DROP 2 1
TAKE 1 1
MOVE 2->1 8
TAKE 1 7
TAKE 1 1
DROP 2 1
MOVE 2->1 1
TAKE 1 1
DROP 2 1
MOVE 2->1 1
TAKE 1 1
DROP 2 2
DROP 2 3
MOVE 2->1 5
TAKE 1 5
DROP 2 2
DROP 2 2
MOVE 2->1 4
TAKE 1 1
DROP 2 1
DROP 2 2
DROP 2 1
DROP 2 1
DROP 2 1
TAKE 1 3
MOVE 2->1 6
TAKE 1 1
TAKE 1 3
TAKE 1 2
DROP 2 1
MOVE 2->1 1
TAKE 1 1
DROP 2 5
MOVE 2->1 5
TAKE 1 4
TAKE 1 1
DROP 2 2
MOVE 2->1 2
TAKE 1 1
DROP 2 2
DROP 2 2
DROP 2 2
DROP 2 1
TAKE 1 1
MOVE 2->1 7
TAKE 1 4
DROP 2 1
TAKE 1 2
DROP 2 3
TAKE 1 1
MOVE 2->1 4
TAKE 1 4
DROP 2 1
DROP 2 1
DROP 2 2
DROP 2 1
MOVE 2->1 5
TAKE 1 2
DROP 2 2
TAKE 1 2
TAKE 1 1
MOVE 2->1 2
TAKE 1 1
TAKE 1 1
DROP 2 1
MOVE 2->1 1
TAKE 1 1
DROP 2 2
DROP 2 4
MOVE 2->1 6
TAKE 1 1
TAKE 1 1
DROP 2 3
TAKE 1 4
MOVE 2->1 3
TAKE 1 1
TAKE 1 1
DROP 2 4
DROP 2 1
TAKE 1 1
MOVE 2->1 5
TAKE 1 5
DROP 2 1
DROP 2 1
DROP 2 1
DROP 2 1
MOVE 2->1 4
TAKE 1 4
DROP 2 2
MOVE 2->1 2
TAKE 1 2
DROP 2 3
DROP 2 1
DROP 2 1
MOVE 2->1 5
TAKE 1 1
TAKE 1 3
DROP 2 2
DROP 2 1
DROP 2 1
DROP 2 1
TAKE 1 1
MOVE 2->1 5
TAKE 1 5
DROP 2 2
DROP 2 2
DROP 2 1
MOVE 2->1 5
TAKE 1 4
TAKE 1 1
DROP 2 3
MOVE 2->1 3
TAKE 1 1
TAKE 1 1
TAKE 1 1
DROP 2 4
DROP 2 1
DROP 2 1
DROP 2 1
MOVE 2->1 7
TAKE 1 6
TAKE 1 1
DROP 2 2
DROP 2 2
DROP 2 1
DROP 2 1
MOVE 2->1 6
TAKE 1 1
TAKE 1 2
TAKE 1 1
DROP 2 1
TAKE 1 1
TAKE 1 1
MOVE 2->1 1
TAKE 1 1
DROP 2 3
MOVE 2->1 3
TAKE 1 2
DROP 2 1
DROP 2 5
DROP 2 1
DROP 2 1
DROP 2 1
DROP 2 1

DROP 2 12154
MOVE 2->1 12154
TAKE 1 10200
DROP 2 6898
TAKE 1 1954
MOVE 2->1 6898
TAKE 1 1267
DROP 2 13477
TAKE 1 3479
TAKE 1 2152
MOVE 2->1 13477
TAKE 1 5566
TAKE 1 3285
TAKE 1 4171
DROP 2 27284
TAKE 1 455
MOVE 2->1 27284
TAKE 1 7021
DROP 2 3476
TAKE 1 9314
DROP 2 3748
TAKE 1 10949
MOVE 2->1 7224
TAKE 1 2476
DROP 2 990
DROP 2 370
DROP 2 111
TAKE 1 3730
TAKE 1 76
TAKE 1 942
MOVE 2->1 1471
TAKE 1 1342
DROP 2 5
DROP 2 4
DROP 2 1
TAKE 1 98
TAKE 1 6
DROP 2 3
TAKE 1 25
MOVE 2->1 13
TAKE 1 13
DROP 2 11
MOVE 2->1 11
TAKE 1 3
DROP 2 1
DROP 2 2
TAKE 1 8
MOVE 2->1 3
TAKE 1 3
DROP 2 2
DROP 2 2
MOVE 2->1 4
TAKE 1 1
TAKE 1 1
TAKE 1 2
DROP 2 3
DROP 2 2
MOVE 2->1 5
TAKE 1 5
DROP 2 1
DROP 2 1
DROP 2 1
MOVE 2->1 3
TAKE 1 1
TAKE 1 1
DROP 2 3
TAKE 1 1
MOVE 2->1 3
TAKE 1 1
DROP 2 2
TAKE 1 2
MOVE 2->1 2
TAKE 1 1
DROP 2 2
DROP 2 2
TAKE 1 1
MOVE 2->1 4
TAKE 1 4
DROP 2 1
DROP 2 1
MOVE 2->1 2
TAKE 1 2
DROP 2 2
DROP 2 2
MOVE 2->1 4
TAKE 1 2
TAKE 1 2
DROP 2 1
DROP 2 2
MOVE 2->1 3
TAKE 1 1
TAKE 1 1
DROP 2 4
TAKE 1 1
MOVE 2->1 4
TAKE 1 4
DROP 2 2
DROP 2 1
DROP 2 1
DROP 2 1
MOVE 2->1 5
TAKE 1 5
DROP 2 1
DROP 2 1
MOVE 2->1 2
TAKE 1 2
DROP 2 3
DROP 2 1
MOVE 2->1 4
TAKE 1 4
DROP 2 2
DROP 2 1
DROP 2 1
DROP 2 1
MOVE 2->1 5
TAKE 1 5
DROP 2 1
DROP 2 1
MOVE 2->1 2
TAKE 1 1
TAKE 1 1
DROP 2 4
DROP 2 1
MOVE 2->1 5
TAKE 1 3
TAKE 1 2
DROP 2 2
MOVE 2->1 2
TAKE 1 2
DROP 2 2
MOVE 2->1 2
TAKE 1 2
DROP 2 1
DROP 2 3
MOVE 2->1 4
TAKE 1 1
DROP 2 1
TAKE 1 1
TAKE 1 2
MOVE 2->1 1
TAKE 1 1
DROP 2 1
DROP 2 3
DROP 2 3
DROP 2 1
DROP 2 1
DROP 2 1
DROP 2 1
DROP 2 1
MOVE 2->1 12
TAKE 1 7
DROP 2 2
TAKE 1 3
DROP 2 1
DROP 2 2
DROP 2 1
TAKE 1 2
MOVE 2->1 6
TAKE 1 3
TAKE 1 3
DROP 2 2
MOVE 2->1 2
TAKE 1 1
DROP 2 3
TAKE 1 1
MOVE 2->1 3
TAKE 1 2
DROP 2 2
DROP 2 1
TAKE 1 1
MOVE 2->1 3
TAKE 1 1
TAKE 1 1
TAKE 1 1
DROP 2 1
MOVE 2->1 1
TAKE 1 1
DROP 2 5
DROP 2 1
DROP 2 1
DROP 2 1
DROP 2 1
MOVE 2->1 9
TAKE 1 3
TAKE 1 5
TAKE 1 1
DROP 2 4
DROP 2 1
DROP 2 1
MOVE 2->1 6
TAKE 1 2
TAKE 1 2
DROP 2 3
TAKE 1 2
MOVE 2->1 3
TAKE 1 3
DROP 2 2
DROP 2 1
DROP 2 1
DROP 2 1
MOVE 2->1 5
TAKE 1 5
DROP 2 2
MOVE 2->1 2
TAKE 1 1
TAKE 1 1
DROP 2 2
MOVE 2->1 2
TAKE 1 1
TAKE 1 1
DROP 2 1
MOVE 2->1 1
TAKE 1 1
DROP 2 1
MOVE 2->1 1
TAKE 1 1
DROP 2 4
MOVE 2->1 4
TAKE 1 1
TAKE 1 2
DROP 2 3
TAKE 1 1
DROP 2 1
MOVE 2->1 4
TAKE 1 2
DROP 2 5
DROP 2 1
DROP 2 1
TAKE 1 2
MOVE 2->1 7
TAKE 1 4
DROP 2 2
DROP 2 1
DROP 2 1
TAKE 1 3
MOVE 2->1 4
TAKE 1 1
TAKE 1 2
TAKE 1 1
DROP 2 1
DROP 2 2
MOVE 2->1 3
TAKE 1 3
DROP 2 3
DROP 2 2
DROP 2 1
DROP 2 1
DROP 2 1
MOVE 2->1 8
TAKE 1 7
TAKE 1 1
DROP 2 1
DROP 2 1
MOVE 2->1 2
TAKE 1 1
DROP 2 2
DROP 2 2
TAKE 1 1
MOVE 2->1 4
TAKE 1 3
DROP 2 2
TAKE 1 1
MOVE 2->1 2
TAKE 1 2
DROP 2 1
DROP 2 2
MOVE 2->1 3
TAKE 1 2
DROP 2 1
DROP 2 2
DROP 2 2
TAKE 1 1
MOVE 2->1 5
TAKE 1 5
DROP 2 2
MOVE 2->1 2
TAKE 1 1
TAKE 1 1
DROP 2 2
DROP 2 2
MOVE 2->1 4
TAKE 1 3
TAKE 1 1
DROP 2 1
DROP 2 2
DROP 2 2
MOVE 2->1 5
TAKE 1 2
DROP 2 2
DROP 2 1
DROP 2 1
DROP 2 1
DROP 2 1
DROP 2 1
DROP 2 1
DROP 2 1
DROP 2 1
TAKE 1 3
MOVE 2->1 10
TAKE 1 4
DROP 2 1
DROP 2 2
TAKE 1 5
DROP 2 1
TAKE 1 1
MOVE 2->1 4
TAKE 1 2
TAKE 1 2
DROP 2 3
DROP 2 1
MOVE 2->1 4
TAKE 1 2
DROP 2 1
DROP 2 1
TAKE 1 2
MOVE 2->1 2
TAKE 1 1
DROP 2 2
DROP 2 2
TAKE 1 1
MOVE 2->1 4
TAKE 1 1
TAKE 1 3
DROP 2 1
MOVE 2->1 1
TAKE 1 1
DROP 2 5
DROP 2 1
DROP 2 1
MOVE 2->1 7
TAKE 1 3
TAKE 1 2
TAKE 1 2
DROP 2 3
MOVE 2->1 3
TAKE 1 3
DROP 2 3
MOVE 2->1 3
TAKE 1 3
DROP 2 1
DROP 2 2
DROP 2 1
MOVE 2->1 4
TAKE 1 3
DROP 2 2
TAKE 1 1
MOVE 2->1 2
TAKE 1 2
DROP 2 2
MOVE 2->1 2
TAKE 1 2
DROP 2 1
MOVE 2->1 1
TAKE 1 1
DROP 2 1
MOVE 2->1 1
TAKE 1 1
DROP 2 3
DROP 2 3
MOVE 2->1 6
TAKE 1 3
TAKE 1 2
DROP 2 2
TAKE 1 1
MOVE 2->1 2
TAKE 1 2
DROP 2 2
MOVE 2->1 2
TAKE 1 1
TAKE 1 1
DROP 2 1
DROP 2 3
DROP 2 2
DROP 2 1
DROP 2 1
DROP 2 1
MOVE 2->1 9
TAKE 1 4
TAKE 1 2
TAKE 1 1
TAKE 1 2
DROP 2 2
DROP 2 1
MOVE 2->1 3
TAKE 1 2
TAKE 1 1
DROP 2 6
DROP 2 1
MOVE 2->1 7
TAKE 1 4
TAKE 1 2
TAKE 1 1
DROP 2 4
DROP 2 1
MOVE 2->1 5
TAKE 1 4
DROP 2 1
TAKE 1 1
MOVE 2->1 1
TAKE 1 1
DROP 2 1
MOVE 2->1 1
TAKE 1 1
DROP 2 4
MOVE 2->1 4
TAKE 1 2
TAKE 1 2
DROP 2 4
MOVE 2->1 4
TAKE 1 4
DROP 2 1
DROP 2 1
DROP 2 1
MOVE 2->1 3
TAKE 1 3
DROP 2 3
MOVE 2->1 3
TAKE 1 2
TAKE 1 1
DROP 2 1
MOVE 2->1 1
TAKE 1 1
DROP 2 1
MOVE 2->1 1
TAKE 1 1
DROP 2 2
MOVE 2->1 2
TAKE 1 1
TAKE 1 1
DROP 2 3
DROP 2 2
MOVE 2->1 5
TAKE 1 2
DROP 2 4
DROP 2 1
TAKE 1 3
MOVE 2->1 5
TAKE 1 5
DROP 2 2
DROP 2 2
DROP 2 1
DROP 2 1
DROP 2 1
DROP 2 1
DROP 2 1
DROP 2 1
DROP 2 1
MOVE 2->1 11
TAKE 1 11
DROP 2 2
DROP 2 1
MOVE 2->1 3
TAKE 1 1
DROP 2 2
TAKE 1 2
MOVE 2->1 2
TAKE 1 1
DROP 2 1
DROP 2 2
DROP 2 1
DROP 2 1
TAKE 1 1
MOVE 2->1 5
TAKE 1 1
TAKE 1 2
TAKE 1 2
DROP 2 2
DROP 2 3
MOVE 2->1 5
TAKE 1 5
DROP 2 2
DROP 2 1
DROP 2 1
DROP 2 1
DROP 2 1
DROP 2 1
MOVE 2->1 7
TAKE 1 5
DROP 2 2
TAKE 1 2
MOVE 2->1 2
TAKE 1 2
DROP 2 3
DROP 2 1
MOVE 2->1 4
TAKE 1 1
TAKE 1 2
TAKE 1 1
DROP 2 1
MOVE 2->1 1
TAKE 1 1
DROP 2 5
MOVE 2->1 5
TAKE 1 3
TAKE 1 1
DROP 2 2
DROP 2 1
DROP 2 2
DROP 2 1
DROP 2 1
TAKE 1 1
MOVE 2->1 7
TAKE 1 6
TAKE 1 1
DROP 2 3
MOVE 2->1 3
TAKE 1 3
DROP 2 2
MOVE 2->1 2
TAKE 1 1
TAKE 1 1
DROP 2 3
DROP 2 1
DROP 2 1
DROP 2 1
DROP 2 1
MOVE 2->1 7
TAKE 1 2
DROP 2 2
DROP 2 1
DROP 2 1
DROP 2 1
DROP 2 1
DROP 2 1
DROP 2 1
DROP 2 1
TAKE 1 5
MOVE 2->1 9
TAKE 1 6
DROP 2 1
DROP 2 1
DROP 2 1
TAKE 1 3
DROP 2 2
DROP 2 1
DROP 2 2
MOVE 2->1 8
TAKE 1 5
DROP 2 1
DROP 2 2
TAKE 1 3
MOVE 2->1 3
TAKE 1 1
TAKE 1 1
TAKE 1 1
DROP 2 1
MOVE 2->1 1
TAKE 1 1
DROP 2 3
MOVE 2->1 3
TAKE 1 2
TAKE 1 1
DROP 2 3
MOVE 2->1 3
TAKE 1 1

DROP 2 16078
MOVE 2->1 16078
TAKE 1 3814
DROP 2 130
TAKE 1 5975
DROP 2 511
TAKE 1 3416
TAKE 1 2698
DROP 2 701
DROP 2 81
DROP 2 963
DROP 2 440
TAKE 1 175
MOVE 2->1 2826
TAKE 1 1564
DROP 2 303
TAKE 1 1243
TAKE 1 19
MOVE 2->1 303
TAKE 1 168
DROP 2 32
DROP 2 21
TAKE 1 135
MOVE 2->1 53
TAKE 1 30
DROP 2 11
DROP 2 6
TAKE 1 7
TAKE 1 1
DROP 2 6
TAKE 1 15
MOVE 2->1 23
TAKE 1 15
DROP 2 2
TAKE 1 2
TAKE 1 4
TAKE 1 2
MOVE 2->1 2
TAKE 1 2
DROP 2 4
MOVE 2->1 4
TAKE 1 1
TAKE 1 2
TAKE 1 1
DROP 2 6
MOVE 2->1 6
TAKE 1 3
TAKE 1 2
TAKE 1 1
DROP 2 1
DROP 2 5
DROP 2 1
DROP 2 1
MOVE 2->1 8
TAKE 1 4
DROP 2 1
DROP 2 2
TAKE 1 1
TAKE 1 3
MOVE 2->1 3
TAKE 1 3
DROP 2 2
MOVE 2->1 2
TAKE 1 1
DROP 2 2
TAKE 1 1
DROP 2 1
DROP 2 3
MOVE 2->1 6
TAKE 1 6
DROP 2 1
DROP 2 1
DROP 2 1
MOVE 2->1 3
TAKE 1 2
TAKE 1 1
DROP 2 1
DROP 2 3
DROP 2 2
DROP 2 1
MOVE 2->1 7
TAKE 1 2
DROP 2 1
DROP 2 2
DROP 2 1
TAKE 1 5
MOVE 2->1 4
TAKE 1 3
DROP 2 1
TAKE 1 1
MOVE 2->1 1
TAKE 1 1
DROP 2 3
DROP 2 1
DROP 2 1
DROP 2 1
MOVE 2->1 6
TAKE 1 3
DROP 2 2
DROP 2 1
TAKE 1 3
MOVE 2->1 3
TAKE 1 2
TAKE 1 1
DROP 2 3
MOVE 2->1 3
TAKE 1 3
DROP 2 1
MOVE 2->1 1
TAKE 1 1
DROP 2 3
MOVE 2->1 3
TAKE 1 3
DROP 2 1
DROP 2 1
MOVE 2->1 2
TAKE 1 1
DROP 2 2
TAKE 1 1
MOVE 2->1 2
TAKE 1 1
TAKE 1 1
DROP 2 4
MOVE 2->1 4
TAKE 1 1
TAKE 1 3
DROP 2 1
DROP 2 3
MOVE 2->1 4
TAKE 1 3
TAKE 1 1
DROP 2 1
DROP 2 1
MOVE 2->1 2
TAKE 1 2
DROP 2 2
DROP 2 3
MOVE 2->1 5
TAKE 1 2
TAKE 1 3
DROP 2 1
MOVE 2->1 1
TAKE 1 1
DROP 2 1
DROP 2 4
MOVE 2->1 5
TAKE 1 5
DROP 2 2
DROP 2 1
MOVE 2->1 3
TAKE 1 2
TAKE 1 1
DROP 2 1
MOVE 2->1 1
TAKE 1 1
DROP 2 4
MOVE 2->1 4
TAKE 1 1
DROP 2 1
TAKE 1 3
MOVE 2->1 1
TAKE 1 1
DROP 2 3
DROP 2 1
DROP 2 1
DROP 2 1
MOVE 2->1 6
TAKE 1 4
TAKE 1 2
DROP 2 2
MOVE 2->1 2
TAKE 1 2
DROP 2 1
DROP 2 2
MOVE 2->1 3
TAKE 1 1
DROP 2 3
TAKE 1 2
DROP 2 1
DROP 2 1
MOVE 2->1 5
TAKE 1 5
DROP 2 3
DROP 2 1
DROP 2 1
MOVE 2->1 5
TAKE 1 3
DROP 2 2
DROP 2 1
TAKE 1 2
MOVE 2->1 3
TAKE 1 3
DROP 2 2
DROP 2 1
MOVE 2->1 3
TAKE 1 1
DROP 2 2
DROP 2 1
DROP 2 1
TAKE 1 2
MOVE 2->1 4
TAKE 1 4
DROP 2 1
MOVE 2->1 1
TAKE 1 1
DROP 2 3
DROP 2 1
MOVE 2->1 4
TAKE 1 3
DROP 2 2
DROP 2 1
DROP 2 1
TAKE 1 1
MOVE 2->1 4
TAKE 1 3
TAKE 1 1
DROP 2 3
DROP 2 1
DROP 2 1
DROP 2 1
DROP 2 1
DROP 2 1
MOVE 2->1 8
TAKE 1 5
TAKE 1 3
DROP 2 3
DROP 2 1
MOVE 2->1 4
TAKE 1 3
TAKE 1 1
DROP 2 3
MOVE 2->1 3
TAKE 1 3
DROP 2 2
MOVE 2->1 2
TAKE 1 1
TAKE 1 1
DROP 2 2
DROP 2 1
MOVE 2->1 3
TAKE 1 2
TAKE 1 1
DROP 2 3
MOVE 2->1 3
TAKE 1 1
TAKE 1 2
DROP 2 4
MOVE 2->1 4
TAKE 1 4
DROP 2 2
DROP 2 1
DROP 2 1
DROP 2 1
MOVE 2->1 5
TAKE 1 3
TAKE 1 2
DROP 2 3
MOVE 2->1 3
TAKE 1 2
DROP 2 2
TAKE 1 1
MOVE 2->1 2
TAKE 1 1
DROP 2 1
DROP 2 1
TAKE 1 1
MOVE 2->1 2
TAKE 1 2
DROP 2 3
MOVE 2->1 3
TAKE 1 1
TAKE 1 1
TAKE 1 1
DROP 2 3
DROP 2 2
DROP 2 1
DROP 2 1
DROP 2 1
MOVE 2->1 8
TAKE 1 5
TAKE 1 2

DROP 2 33583
MOVE 2->1 33583
TAKE 1 24862
DROP 2 11759
DROP 2 1847
DROP 2 16930
DROP 2 30
TAKE 1 8721
MOVE 2->1 30566
TAKE 1 8479
DROP 2 1410
TAKE 1 8923
DROP 2 8
DROP 2 69
DROP 2 28
TAKE 1 1895
TAKE 1 8702
TAKE 1 967
DROP 2 5
DROP 2 1
TAKE 1 771
TAKE 1 829
MOVE 2->1 1521
TAKE 1 403
TAKE 1 30
TAKE 1 425
TAKE 1 271
TAKE 1 52
TAKE 1 148
TAKE 1 97
TAKE 1 44
TAKE 1 2
TAKE 1 13
DROP 2 21
TAKE 1 36
MOVE 2->1 21
TAKE 1 16
TAKE 1 5
DROP 2 8
DROP 2 4
DROP 2 1
MOVE 2->1 13
TAKE 1 2
TAKE 1 8
TAKE 1 2
DROP 2 2
DROP 2 1
TAKE 1 1
MOVE 2->1 3
TAKE 1 3
DROP 2 4
DROP 2 1
DROP 2 2
DROP 2 1
MOVE 2->1 8
TAKE 1 8
DROP 2 1
DROP 2 1
MOVE 2->1 2
TAKE 1 1
TAKE 1 1
DROP 2 7
MOVE 2->1 7
TAKE 1 4
DROP 2 2
DROP 2 1
DROP 2 1
TAKE 1 1
TAKE 1 1
TAKE 1 1
MOVE 2->1 4
TAKE 1 2
TAKE 1 2
DROP 2 2
DROP 2 4
DROP 2 1
MOVE 2->1 7
TAKE 1 4
TAKE 1 2
TAKE 1 1
DROP 2 3
MOVE 2->1 3
TAKE 1 1
DROP 2 1
DROP 2 3
TAKE 1 1
TAKE 1 1
MOVE 2->1 4
TAKE 1 1
TAKE 1 2
DROP 2 2
DROP 2 3
DROP 2 1
DROP 2 1
TAKE 1 1
MOVE 2->1 7
TAKE 1 4
DROP 2 1
TAKE 1 1
TAKE 1 1
TAKE 1 1
MOVE 2->1 1
TAKE 1 1
DROP 2 4
DROP 2 1
DROP 2 2
MOVE 2->1 7
TAKE 1 1
DROP 2 2
DROP 2 1
DROP 2 2
TAKE 1 5
DROP 2 1
DROP 2 2
DROP 2 1
TAKE 1 1
MOVE 2->1 9
TAKE 1 1
TAKE 1 7
TAKE 1 1
DROP 2 2
MOVE 2->1 2
TAKE 1 2
DROP 2 3
DROP 2 1
DROP 2 1
DROP 2 1
DROP 2 2
DROP 2 1
DROP 2 1
DROP 2 1
DROP 2 1
DROP 2 1
MOVE 2->1 13
TAKE 1 13
DROP 2 2
MOVE 2->1 2
TAKE 1 2
DROP 2 1
DROP 2 1
DROP 2 1
MOVE 2->1 3
TAKE 1 1
DROP 2 3
DROP 2 1
TAKE 1 2
DROP 2 1
MOVE 2->1 5
TAKE 1 4
DROP 2 3
TAKE 1 1
MOVE 2->1 3
TAKE 1 3
DROP 2 2
DROP 2 1
DROP 2 1
DROP 2 1
MOVE 2->1 5
TAKE 1 1
TAKE 1 2
TAKE 1 2
DROP 2 3
MOVE 2->1 3
TAKE 1 3
DROP 2 3
MOVE 2->1 3
TAKE 1 3
DROP 2 2
DROP 2 1
DROP 2 1
MOVE 2->1 4
TAKE 1 4
DROP 2 2
DROP 2 1
MOVE 2->1 3
TAKE 1 3
DROP 2 2
DROP 2 1
MOVE 2->1 3
TAKE 1 3
DROP 2 1
MOVE 2->1 1
TAKE 1 1
DROP 2 2
DROP 2 2
MOVE 2->1 4
TAKE 1 1
DROP 2 1
TAKE 1 1
TAKE 1 1
TAKE 1 1
DROP 2 1
MOVE 2->1 2
TAKE 1 2
DROP 2 2
DROP 2 2
DROP 2 3
MOVE 2->1 7
TAKE 1 5
TAKE 1 1
TAKE 1 1
DROP 2 3
MOVE 2->1 3
TAKE 1 1
DROP 2 1
DROP 2 1
TAKE 1 2
MOVE 2->1 2
TAKE 1 2
DROP 2 3
DROP 2 2
DROP 2 2
MOVE 2->1 7
TAKE 1 7
DROP 2 2
DROP 2 1
MOVE 2->1 3
TAKE 1 1
DROP 2 2
TAKE 1 1
TAKE 1 1
DROP 2 3
DROP 2 1
DROP 2 1
DROP 2 1
MOVE 2->1 8
TAKE 1 8
DROP 2 1
MOVE 2->1 1
TAKE 1 1
DROP 2 3
DROP 2 1
DROP 2 1
MOVE 2->1 5
TAKE 1 2
DROP 2 2
DROP 2 1
DROP 2 1
TAKE 1 3
MOVE 2->1 4
TAKE 1 1
DROP 2 2
DROP 2 1
TAKE 1 2
DROP 2 2
TAKE 1 1
MOVE 2->1 5
TAKE 1 5
DROP 2 3
MOVE 2->1 3
TAKE 1 3
DROP 2 2
DROP 2 1
MOVE 2->1 3
TAKE 1 2
TAKE 1 1
DROP 2 2
DROP 2 1
DROP 2 1
DROP 2 1
MOVE 2->1 5
TAKE 1 4
DROP 2 2
DROP 2 2
TAKE 1 1
MOVE 2->1 4
TAKE 1 2
DROP 2 3
DROP 2 1
DROP 2 1
TAKE 1 2
MOVE 2->1 5
TAKE 1 2
TAKE 1 3
DROP 2 3
DROP 2 1
MOVE 2->1 4
TAKE 1 1
TAKE 1 3
DROP 2 3
MOVE 2->1 3
TAKE 1 1
DROP 2 2
TAKE 1 2
MOVE 2->1 2
TAKE 1 1
DROP 2 2
TAKE 1 1
MOVE 2->1 2
TAKE 1 1
DROP 2 2
TAKE 1 1
DROP 2 2
MOVE 2->1 4
TAKE 1 4
DROP 2 2
DROP 2 1
MOVE 2->1 3
TAKE 1 2
DROP 2 1
DROP 2 2
DROP 2 1
DROP 2 1
TAKE 1 1
MOVE 2->1 5
TAKE 1 5
DROP 2 2
DROP 2 1
MOVE 2->1 3
TAKE 1 3
DROP 2 2
DROP 2 1
MOVE 2->1 3
TAKE 1 1
TAKE 1 2
DROP 2 2
MOVE 2->1 2
TAKE 1 1
DROP 2 1
TAKE 1 1
MOVE 2->1 1
TAKE 1 1
DROP 2 4
MOVE 2->1 4
TAKE 1 2
DROP 2 1
TAKE 1 1
TAKE 1 1
MOVE 2->1 1
TAKE 1 1
DROP 2 2
MOVE 2->1 2
TAKE 1 1
DROP 2 4
TAKE 1 1
MOVE 2->1 4
TAKE 1 1
DROP 2 1
TAKE 1 3
DROP 2 1
MOVE 2->1 2
TAKE 1 2
DROP 2 4
DROP 2 1
DROP 2 1
MOVE 2->1 6
TAKE 1 4
TAKE 1 1
DROP 2 2
TAKE 1 1
DROP 2 1
MOVE 2->1 3
TAKE 1 2
TAKE 1 1
DROP 2 2
DROP 2 1
DROP 2 3
DROP 2 2
MOVE 2->1 8
TAKE 1 2
TAKE 1 4
TAKE 1 1
DROP 2 2
TAKE 1 1
DROP 2 2
MOVE 2->1 4
TAKE 1 4
DROP 2 2
DROP 2 2
DROP 2 2
MOVE 2->1 6
TAKE 1 4
TAKE 1 2

DROP 2 57671
DROP 2 5670
DROP 2 204
MOVE 2->1 63545
TAKE 1 14281
TAKE 1 15186
TAKE 1 7094
TAKE 1 17249
DROP 2 1428
DROP 2 879
TAKE 1 6272
DROP 2 193
DROP 2 9
TAKE 1 3463
MOVE 2->1 2509
TAKE 1 960
TAKE 1 1150
TAKE 1 4
TAKE 1 120
TAKE 1 187
TAKE 1 18
TAKE 1 8
TAKE 1 4
TAKE 1 24
DROP 2 19
DROP 2 31
DROP 2 15
TAKE 1 2
DROP 2 4
TAKE 1 32
MOVE 2->1 69
TAKE 1 57
DROP 2 1
TAKE 1 5
DROP 2 2
DROP 2 2
TAKE 1 7
MOVE 2->1 5
TAKE 1 5
DROP 2 1
MOVE 2->1 1
TAKE 1 1
DROP 2 3
MOVE 2->1 3
TAKE 1 2
TAKE 1 1
DROP 2 3
MOVE 2->1 3
TAKE 1 3
DROP 2 1
DROP 2 2
MOVE 2->1 3
TAKE 1 1
DROP 2 1
DROP 2 1
TAKE 1 2
MOVE 2->1 2
TAKE 1 1
DROP 2 1
TAKE 1 1
MOVE 2->1 1
TAKE 1 1
DROP 2 3
MOVE 2->1 3
TAKE 1 2
TAKE 1 1
DROP 2 4
DROP 2 1
MOVE 2->1 5
TAKE 1 3
TAKE 1 1
DROP 2 2
TAKE 1 1
MOVE 2->1 2
TAKE 1 1
DROP 2 2
DROP 2 1
DROP 2 1
DROP 2 2
TAKE 1 1
MOVE 2->1 6
TAKE 1 3
TAKE 1 1
DROP 2 4
TAKE 1 2
MOVE 2->1 4
TAKE 1 3
DROP 2 2
DROP 2 1
DROP 2 1
DROP 2 1
DROP 2 1
DROP 2 1
DROP 2 1
DROP 2 1
DROP 2 1
DROP 2 1
DROP 2 1
DROP 2 1
TAKE 1 1
MOVE 2->1 13
TAKE 1 5
DROP 2 2
DROP 2 1
TAKE 1 4
DROP 2 2
TAKE 1 4
MOVE 2->1 5
TAKE 1 3
TAKE 1 2
DROP 2 3
DROP 2 1
DROP 2 1
DROP 2 1
MOVE 2->1 6
TAKE 1 1
TAKE 1 5
DROP 2 3
DROP 2 1
MOVE 2->1 4
TAKE 1 3
DROP 2 2
TAKE 1 1
MOVE 2->1 2
TAKE 1 1
DROP 2 2
TAKE 1 1
MOVE 2->1 2
TAKE 1 2
DROP 2 2
MOVE 2->1 2
TAKE 1 2
DROP 2 1
DROP 2 2
DROP 2 1
MOVE 2->1 4
TAKE 1 4
DROP 2 1
MOVE 2->1 1
TAKE 1 1
DROP 2 1
DROP 2 3
DROP 2 1
MOVE 2->1 5
TAKE 1 2
TAKE 1 2
DROP 2 1
DROP 2 3
DROP 2 1
DROP 2 1
TAKE 1 1
MOVE 2->1 6
TAKE 1 3
TAKE 1 3
DROP 2 1
DROP 2 1
DROP 2 3
MOVE 2->1 5
TAKE 1 1
TAKE 1 2
DROP 2 2
DROP 2 2
DROP 2 1
TAKE 1 2
MOVE 2->1 5
TAKE 1 1
TAKE 1 3
TAKE 1 1
DROP 2 4
MOVE 2->1 4
TAKE 1 2
TAKE 1 2
DROP 2 1
DROP 2 3
DROP 2 1
DROP 2 1
MOVE 2->1 6
TAKE 1 4
DROP 2 2
DROP 2 1
TAKE 1 1
DROP 2 2
DROP 2 1
DROP 2 1
DROP 2 1
TAKE 1 1
DROP 2 1
MOVE 2->1 9
TAKE 1 8
DROP 2 3
TAKE 1 1
MOVE 2->1 3
TAKE 1 3
DROP 2 1
MOVE 2->1 1
TAKE 1 1
DROP 2 1
MOVE 2->1 1
TAKE 1 1
DROP 2 3
DROP 2 1
DROP 2 1
DROP 2 1
MOVE 2->1 6
TAKE 1 4
DROP 2 3
DROP 2 1
DROP 2 1
DROP 2 1
DROP 2 1
TAKE 1 2
MOVE 2->1 7
TAKE 1 3
DROP 2 1
TAKE 1 4
MOVE 2->1 1
TAKE 1 1
DROP 2 3
MOVE 2->1 3
TAKE 1 3
DROP 2 3
MOVE 2->1 3
TAKE 1 2
DROP 2 1
TAKE 1 1
MOVE 2->1 1
TAKE 1 1
DROP 2 1
DROP 2 1
MOVE 2->1 2
TAKE 1 1
DROP 2 2
DROP 2 2
TAKE 1 1
MOVE 2->1 4
TAKE 1 1
TAKE 1 3
DROP 2 4
MOVE 2->1 4
TAKE 1 3
DROP 2 1
TAKE 1 1
MOVE 2->1 1
TAKE 1 1
DROP 2 2
DROP 2 4
MOVE 2->1 6
TAKE 1 4
TAKE 1 1
DROP 2 2
DROP 2 2
DROP 2 1

DROP 2 2169
DROP 2 30863
DROP 2 22999
DROP 2 26756
MOVE 2->1 82787
TAKE 1 44520
DROP 2 3053
TAKE 1 6574
DROP 2 2344
DROP 2 76
DROP 2 10
DROP 2 161
TAKE 1 16480
DROP 2 10
TAKE 1 15213
MOVE 2->1 5654
TAKE 1 5158
TAKE 1 373
TAKE 1 30
DROP 2 9
DROP 2 15
DROP 2 2
DROP 2 2
DROP 2 1
DROP 2 1
TAKE 1 77
TAKE 1 16
MOVE 2->1 30
TAKE 1 15
TAKE 1 6
TAKE 1 2
TAKE 1 7
DROP 2 1
DROP 2 3
DROP 2 2
DROP 2 1
DROP 2 2
DROP 2 2
MOVE 2->1 11
TAKE 1 9
DROP 2 1
TAKE 1 2
MOVE 2->1 1
TAKE 1 1
DROP 2 3
MOVE 2->1 3
TAKE 1 2
TAKE 1 1
DROP 2 3
DROP 2 1
MOVE 2->1 4
TAKE 1 1
TAKE 1 1
DROP 2 1
DROP 2 1
TAKE 1 2
DROP 2 2
MOVE 2->1 4
TAKE 1 3
DROP 2 4
DROP 2 1
DROP 2 1
DROP 2 1
TAKE 1 1
MOVE 2->1 7
TAKE 1 2
DROP 2 1
TAKE 1 3
TAKE 1 2
MOVE 2->1 1
TAKE 1 1
DROP 2 1
MOVE 2->1 1
TAKE 1 1
DROP 2 3
MOVE 2->1 3
TAKE 1 2
TAKE 1 1
DROP 2 4
DROP 2 1
MOVE 2->1 5
TAKE 1 3
TAKE 1 2
DROP 2 3
DROP 2 2
DROP 2 1
DROP 2 1
DROP 2 1
DROP 2 1
DROP 2 1
DROP 2 1
DROP 2 1
DROP 2 1
DROP 2 1
MOVE 2->1 14
TAKE 1 3
DROP 2 1
TAKE 1 11
MOVE 2->1 1
TAKE 1 1
DROP 2 4
MOVE 2->1 4
TAKE 1 3
TAKE 1 1
DROP 2 3
DROP 2 1
DROP 2 1
DROP 2 1
DROP 2 1
DROP 2 1
DROP 2 1
MOVE 2->1 9
TAKE 1 8
TAKE 1 1
DROP 2 2
MOVE 2->1 2
TAKE 1 2
DROP 2 2
MOVE 2->1 2
TAKE 1 1
DROP 2 1
DROP 2 2
DROP 2 2
DROP 2 1
TAKE 1 1
MOVE 2->1 6
TAKE 1 5
DROP 2 1
TAKE 1 1
DROP 2 1
MOVE 2->1 2
TAKE 1 1
DROP 2 4
DROP 2 1
TAKE 1 1
MOVE 2->1 5
TAKE 1 4
DROP 2 1
DROP 2 2
TAKE 1 1
DROP 2 2
DROP 2 1
MOVE 2->1 6
TAKE 1 3
DROP 2 1
TAKE 1 3
MOVE 2->1 1
TAKE 1 1
DROP 2 1
DROP 2 3
MOVE 2->1 4
TAKE 1 3
DROP 2 1
TAKE 1 1
MOVE 2->1 1
TAKE 1 1
DROP 2 1
MOVE 2->1 1
TAKE 1 1
DROP 2 1
DROP 2 4
MOVE 2->1 5
TAKE 1 1
DROP 2 2
DROP 2 1
DROP 2 1
TAKE 1 4
MOVE 2->1 4
TAKE 1 1
TAKE 1 1
DROP 2 2
TAKE 1 1
DROP 2 3
DROP 2 1
DROP 2 1
DROP 2 1
DROP 2 1
DROP 2 1
DROP 2 1
TAKE 1 1
MOVE 2->1 11
TAKE 1 1
TAKE 1 10
DROP 2 2
DROP 2 2
DROP 2 1
DROP 2 1
DROP 2 1
MOVE 2->1 7
TAKE 1 2
TAKE 1 4
DROP 2 3
DROP 2 1
TAKE 1 1
MOVE 2->1 4
TAKE 1 1
DROP 2 1
TAKE 1 2
TAKE 1 1
MOVE 2->1 1
TAKE 1 1
DROP 2 2
MOVE 2->1 2
TAKE 1 2
DROP 2 1
MOVE 2->1 1
TAKE 1 1
DROP 2 5
DROP 2 1
DROP 2 1
MOVE 2->1 7
TAKE 1 7
DROP 2 2
MOVE 2->1 2
TAKE 1 2
DROP 2 2
DROP 2 1
DROP 2 1
DROP 2 1
DROP 2 1
MOVE 2->1 6
TAKE 1 2
DROP 2 2
DROP 2 1
TAKE 1 4
DROP 2 1
DROP 2 1
DROP 2 2
MOVE 2->1 7
TAKE 1 1
TAKE 1 3
DROP 2 1
DROP 2 3
DROP 2 1
TAKE 1 3
MOVE 2->1 5
TAKE 1 5
DROP 2 2
DROP 2 1
DROP 2 1
DROP 2 1
DROP 2 1
MOVE 2->1 6
TAKE 1 2
DROP 2 1
DROP 2 2
TAKE 1 4
MOVE 2->1 3
TAKE 1 2
DROP 2 1
DROP 2 1
DROP 2 1
TAKE 1 1
DROP 2 1
MOVE 2->1 4
TAKE 1 4
DROP 2 3
DROP 2 2
MOVE 2->1 5
TAKE 1 3
TAKE 1 2
DROP 2 2
DROP 2 1
DROP 2 1
DROP 2 2
DROP 2 1
MOVE 2->1 7
TAKE 1 3
DROP 2 1
DROP 2 1
TAKE 1 4
MOVE 2->1 2
TAKE 1 2
DROP 2 1
MOVE 2->1 1
TAKE 1 1
DROP 2 2
MOVE 2->1 2
TAKE 1 2
DROP 2 1
MOVE 2->1 1
TAKE 1 1
DROP 2 5
DROP 2 1
MOVE 2->1 6
TAKE 1 5
TAKE 1 1
DROP 2 1
DROP 2 2
DROP 2 2
MOVE 2->1 5
TAKE 1 1
DROP 2 1
DROP 2 2
DROP 2 1
DROP 2 1
DROP 2 1
DROP 2 1
DROP 2 1
DROP 2 1
DROP 2 1
DROP 2 1
DROP 2 1
DROP 2 1
DROP 2 1
TAKE 1 4
MOVE 2->1 14
TAKE 1 9
DROP 2 2
TAKE 1 2
DROP 2 2
TAKE 1 1
TAKE 1 2
MOVE 2->1 4
TAKE 1 2
TAKE 1 1
TAKE 1 1
DROP 2 1
MOVE 2->1 1
TAKE 1 1
DROP 2 5
DROP 2 2
DROP 2 1
MOVE 2->1 8
TAKE 1 6
TAKE 1 2
DROP 2 3
MOVE 2->1 3
TAKE 1 3
DROP 2 2
MOVE 2->1 2
TAKE 1 2
DROP 2 2
DROP 2 1
DROP 2 1
DROP 2 1
DROP 2 1
MOVE 2->1 6
TAKE 1 5
DROP 2 1
DROP 2 2
TAKE 1 1
MOVE 2->1 3
TAKE 1 1
TAKE 1 1
DROP 2 2
TAKE 1 1
MOVE 2->1 2
TAKE 1 1
DROP 2 1
DROP 2 2
TAKE 1 1
MOVE 2->1 3
TAKE 1 1
TAKE 1 1
DROP 2 4
TAKE 1 1
DROP 2 1
DROP 2 1
MOVE 2->1 6
TAKE 1 4
TAKE 1 1
DROP 2 2
DROP 2 2
TAKE 1 1
MOVE 2->1 4
TAKE 1 3
TAKE 1 1
DROP 2 2
MOVE 2->1 2
TAKE 1 1
TAKE 1 1
DROP 2 3
MOVE 2->1 3
TAKE 1 1
DROP 2 2
DROP 2 2
TAKE 1 2
DROP 2 2
DROP 2 1
DROP 2 1
DROP 2 2

DROP 2 32109
MOVE 2->1 32109
TAKE 1 6908
TAKE 1 20362
DROP 2 107
TAKE 1 1021
DROP 2 185
DROP 2 9
TAKE 1 1593
DROP 2 64
DROP 2 91
TAKE 1 1560
TAKE 1 508
TAKE 1 157
MOVE 2->1 456
TAKE 1 141
TAKE 1 38
TAKE 1 138
DROP 2 32
TAKE 1 139
MOVE 2->1 32
TAKE 1 5
TAKE 1 20
DROP 2 13
DROP 2 6
TAKE 1 6
TAKE 1 1
MOVE 2->1 19
TAKE 1 4
TAKE 1 13
TAKE 1 1
DROP 2 7
DROP 2 2
TAKE 1 1
MOVE 2->1 9
TAKE 1 2
TAKE 1 4
TAKE 1 1
TAKE 1 1
TAKE 1 1
DROP 2 4
MOVE 2->1 4
TAKE 1 1
DROP 2 5
DROP 2 3
DROP 2 1
DROP 2 1
TAKE 1 3
MOVE 2->1 10
TAKE 1 4
DROP 2 1
DROP 2 1
DROP 2 1
TAKE 1 3
DROP 2 1
TAKE 1 3
MOVE 2->1 4
TAKE 1 3
TAKE 1 1
DROP 2 4
MOVE 2->1 4
TAKE 1 2
TAKE 1 2
DROP 2 1
MOVE 2->1 1
TAKE 1 1
DROP 2 2
MOVE 2->1 2
TAKE 1 2
DROP 2 5
DROP 2 1
MOVE 2->1 6
TAKE 1 4
DROP 2 2
TAKE 1 1
TAKE 1 1
MOVE 2->1 2
TAKE 1 1
DROP 2 1
TAKE 1 1
MOVE 2->1 1
TAKE 1 1
DROP 2 2
DROP 2 2
MOVE 2->1 4
TAKE 1 2
TAKE 1 2
DROP 2 3
MOVE 2->1 3
TAKE 1 2
TAKE 1 1
DROP 2 1
DROP 2 2
DROP 2 3
DROP 2 1
DROP 2 1
MOVE 2->1 8
TAKE 1 3
DROP 2 1
DROP 2 1
DROP 2 2
TAKE 1 5
MOVE 2->1 4
TAKE 1 4
DROP 2 1
DROP 2 1
DROP 2 2
DROP 2 1
MOVE 2->1 5
TAKE 1 5
DROP 2 1
MOVE 2->1 1
TAKE 1 1
DROP 2 2
DROP 2 1
DROP 2 1
DROP 2 1
DROP 2 2
MOVE 2->1 7
TAKE 1 1
TAKE 1 1
TAKE 1 3
TAKE 1 2
DROP 2 3
MOVE 2->1 3
TAKE 1 3
DROP 2 1
MOVE 2->1 1
TAKE 1 1
DROP 2 4
DROP 2 2
DROP 2 1
DROP 2 1
MOVE 2->1 8
TAKE 1 7
DROP 2 1
DROP 2 2
DROP 2 1
DROP 2 1
DROP 2 1
TAKE 1 1
MOVE 2->1 6
TAKE 1 2
TAKE 1 4

DROP 2 17058
DROP 2 2097
MOVE 2->1 19155
TAKE 1 12494
DROP 2 471
DROP 2 334
TAKE 1 5467
DROP 2 1155
DROP 2 308
TAKE 1 1194
MOVE 2->1 2268
TAKE 1 760
DROP 2 464
DROP 2 160
DROP 2 43
TAKE 1 1508
MOVE 2->1 667
TAKE 1 405
DROP 2 5
DROP 2 1
DROP 2 1
TAKE 1 193
DROP 2 2
TAKE 1 32
TAKE 1 16
TAKE 1 2
TAKE 1 19
MOVE 2->1 9
TAKE 1 3
DROP 2 5
TAKE 1 6
MOVE 2->1 5
TAKE 1 4
TAKE 1 1
DROP 2 2
DROP 2 2
DROP 2 1
MOVE 2->1 5
TAKE 1 4
DROP 2 1
DROP 2 1
DROP 2 2
TAKE 1 1
MOVE 2->1 4
TAKE 1 2
DROP 2 2
TAKE 1 2
MOVE 2->1 2
TAKE 1 1
TAKE 1 1
DROP 2 4
DROP 2 1
MOVE 2->1 5
TAKE 1 4
DROP 2 1
TAKE 1 1
MOVE 2->1 1
TAKE 1 1
DROP 2 1
DROP 2 3
DROP 2 1
MOVE 2->1 5
TAKE 1 4
DROP 2 2
DROP 2 1
TAKE 1 1
MOVE 2->1 3
TAKE 1 3
DROP 2 1
MOVE 2->1 1
TAKE 1 1
DROP 2 3
DROP 2 1
DROP 2 1
DROP 2 1
MOVE 2->1 6
TAKE 1 1
TAKE 1 5
DROP 2 2
MOVE 2->1 2
TAKE 1 2
DROP 2 2
MOVE 2->1 2
TAKE 1 1
TAKE 1 1
DROP 2 3
DROP 2 1
MOVE 2->1 4
TAKE 1 3
TAKE 1 1
DROP 2 4
MOVE 2->1 4
TAKE 1 3
TAKE 1 1
DROP 2 1
MOVE 2->1 1
TAKE 1 1
DROP 2 4
MOVE 2->1 4
TAKE 1 2
DROP 2 2
TAKE 1 2
MOVE 2->1 2
TAKE 1 2
DROP 2 3
MOVE 2->1 3
TAKE 1 3
DROP 2 1
MOVE 2->1 1
TAKE 1 1
DROP 2 2
DROP 2 2
MOVE 2->1 4
TAKE 1 1
DROP 2 2
DROP 2 1
TAKE 1 3
MOVE 2->1 3
TAKE 1 3
DROP 2 2
DROP 2 1
MOVE 2->1 3
TAKE 1 1
TAKE 1 1
DROP 2 1
TAKE 1 1
DROP 2 3
DROP 2 2
MOVE 2->1 6
TAKE 1 5
TAKE 1 1
DROP 2 1
MOVE 2->1 1
TAKE 1 1
DROP 2 4
DROP 2 1
DROP 2 1
MOVE 2->1 6
TAKE 1 3
TAKE 1 1
DROP 2 3
DROP 2 1
DROP 2 1
DROP 2 1
DROP 2 1
TAKE 1 2
MOVE 2->1 7
TAKE 1 1
TAKE 1 2
DROP 2 1
TAKE 1 2
DROP 2 3
TAKE 1 2
MOVE 2->1 4
TAKE 1 2
DROP 2 2
DROP 2 2
DROP 2 1
DROP 2 1
TAKE 1 2
MOVE 2->1 6
TAKE 1 3
DROP 2 2
DROP 2 1
DROP 2 1
DROP 2 2
TAKE 1 3
MOVE 2->1 6
TAKE 1 6
DROP 2 2
MOVE 2->1 2
TAKE 1 1
DROP 2 1
TAKE 1 1
MOVE 2->1 1
TAKE 1 1
DROP 2 2
MOVE 2->1 2
TAKE 1 2
DROP 2 3
MOVE 2->1 3
TAKE 1 2
TAKE 1 1
DROP 2 2
MOVE 2->1 2
TAKE 1 2
DROP 2 1
MOVE 2->1 1
TAKE 1 1
DROP 2 4
DROP 2 1
DROP 2 1
DROP 2 1
DROP 2 1
DROP 2 1
DROP 2 1
MOVE 2->1 10
TAKE 1 10
DROP 2 1
DROP 2 2
MOVE 2->1 3
TAKE 1 1
TAKE 1 1
TAKE 1 1
DROP 2 2
DROP 2 3
MOVE 2->1 5
TAKE 1 3
TAKE 1 1
TAKE 1 1

DROP 2 2
MOVE 2->1 2
TAKE 1 1
DROP 2 7473
DROP 2 6471
TAKE 1 1
MOVE 2->1 13944
TAKE 1 8354
DROP 2 279
DROP 2 879
TAKE 1 5396
TAKE 1 194
MOVE 2->1 1158
TAKE 1 632
DROP 2 65

DROP 2 1166
MOVE 2->1 1166
TAKE 1 1080
DROP 2 4116
TAKE 1 86
MOVE 2->1 4116
TAKE 1 1207
DROP 2 15576
TAKE 1 2909
MOVE 2->1 15576
TAKE 1 13623
DROP 2 4004
DROP 2 32
TAKE 1 647
TAKE 1 650

DROP 2 51818
MOVE 2->1 51818
TAKE 1 9559
TAKE 1 29259
DROP 2 6498
DROP 2 17
TAKE 1 13000
MOVE 2->1 6515
TAKE 1 4604
DROP 2 947
DROP 2 211
DROP 2 207
DROP 2 8

DROP 2 1555
MOVE 2->1 1555
TAKE 1 575
TAKE 1 954
TAKE 1 3
DROP 2 539
DROP 2 197
TAKE 1 23
MOVE 2->1 736
TAKE 1 588
TAKE 1 55
TAKE 1 37
TAKE 1 6

DROP 2 42495
MOVE 2->1 42495
TAKE 1 2957
TAKE 1 11362
TAKE 1 15717
TAKE 1 11236
DROP 2 15468
TAKE 1 1223
MOVE 2->1 15468
TAKE 1 5402
DROP 2 16125
DROP 2 9274
DROP 2 415

DROP 2 21889
MOVE 2->1 21889
TAKE 1 7774
TAKE 1 9579
TAKE 1 3070
DROP 2 3925
TAKE 1 1466
MOVE 2->1 3925
TAKE 1 877
TAKE 1 1672
TAKE 1 27
DROP 2 24686
DROP 2 317

DROP 2 8678
DROP 2 5439
MOVE 2->1 14117
TAKE 1 543
TAKE 1 3361
DROP 2 415
DROP 2 2326
DROP 2 513
TAKE 1 9613
TAKE 1 600
MOVE 2->1 3254
TAKE 1 2189
TAKE 1 822

DROP 2 2832
DROP 2 46252
DROP 2 4629
DROP 2 630
MOVE 2->1 54343
TAKE 1 39735
DROP 2 6329
TAKE 1 14608
MOVE 2->1 6329
TAKE 1 3456
DROP 2 129
TAKE 1 11
TAKE 1 2446

DROP 2 77635
MOVE 2->1 77635
TAKE 1 12801
DROP 2 2087
DROP 2 4114
DROP 2 145
DROP 2 39
TAKE 1 57829
DROP 2 8
DROP 2 2
TAKE 1 7005
MOVE 2->1 6395
TAKE 1 143

DROP 2 64578
DROP 2 91
MOVE 2->1 64669
TAKE 1 53043
DROP 2 264
TAKE 1 1441
DROP 2 9
TAKE 1 418
TAKE 1 8735
DROP 2 6
TAKE 1 808

DROP 2 2030
DROP 2 5586
DROP 2 364
MOVE 2->1 7980
TAKE 1 4794
TAKE 1 2378
TAKE 1 20
TAKE 1 395
DROP 2 17
DROP 2 335
TAKE 1 296

DROP 2 8483
MOVE 2->1 8483
TAKE 1 7828
TAKE 1 345
DROP 2 28
DROP 2 62
DROP 2 26
DROP 2 1
TAKE 1 91
TAKE 1 208
TAKE 1 11
MOVE 2->1 117
TAKE 1 103

DROP 2 53136
MOVE 2->1 53136
TAKE 1 33907
TAKE 1 6065
DROP 2 423
TAKE 1 11140
DROP 2 2291
DROP 2 14526
TAKE 1 2024
MOVE 2->1 17240
TAKE 1 5402
TAKE 1 11766
TAKE 1 47

DROP 2 28526
MOVE 2->1 28526
TAKE 1 9703
TAKE 1 14426
DROP 2 567
TAKE 1 2070
TAKE 1 2327
MOVE 2->1 567
TAKE 1 131
DROP 2 829
DROP 2 368
DROP 2 259
DROP 2 1801

DROP 2 65503
DROP 2 4878
DROP 2 8484
DROP 2 466
DROP 2 90
MOVE 2->1 79421
TAKE 1 73986
TAKE 1 4264
TAKE 1 747
TAKE 1 227
TAKE 1 170

DROP 2 4313
DROP 2 248
DROP 2 13
DROP 2 46
DROP 2 9
MOVE 2->1 4629
TAKE 1 4072
TAKE 1 414
DROP 2 4
TAKE 1 68
DROP 2 7

DROP 2 8810
MOVE 2->1 8810
TAKE 1 3912
DROP 2 20097
TAKE 1 3843
TAKE 1 1055
MOVE 2->1 20097
TAKE 1 6750
TAKE 1 778
TAKE 1 6724
DROP 2 103
DROP 2 2373
TAKE 1 2176

DROP 2 36335
MOVE 2->1 36335
TAKE 1 16777
TAKE 1 11667
DROP 2 18159
TAKE 1 7891
MOVE 2->1 18159
TAKE 1 13167
TAKE 1 1155
TAKE 1 330
DROP 2 15756
TAKE 1 3507
MOVE 2->1 15756
TAKE 1 7552
TAKE 1 3616

DROP 2 14108
MOVE 2->1 14108
TAKE 1 8468
TAKE 1 1408
TAKE 1 950
TAKE 1 1162
TAKE 1 2024
DROP 2 5231
DROP 2 14029
DROP 2 3316
DROP 2 153

DROP 2 91624
MOVE 2->1 91624
TAKE 1 3465
DROP 2 538
DROP 2 46
DROP 2 297
TAKE 1 48939
TAKE 1 24438
DROP 2 85
DROP 2 14
DROP 2 25

DROP 2 1538
MOVE 2->1 1538
TAKE 1 654
DROP 2 3170
TAKE 1 884
MOVE 2->1 3170
TAKE 1 2709
DROP 2 3110
DROP 2 94
TAKE 1 461
MOVE 2->1 3204
TAKE 1 228
DROP 2 30
DROP 2 4
DROP 2 119

DROP 2 49090
DROP 2 26632
DROP 2 466
DROP 2 964
DROP 2 616
MOVE 2->1 77768
TAKE 1 4442
TAKE 1 47029
DROP 2 165
TAKE 1 7930
DROP 2 31

DROP 2 30745
DROP 2 3
DROP 2 90
DROP 2 1276
MOVE 2->1 32114
TAKE 1 30988
DROP 2 1057
DROP 2 136
TAKE 1 1126
MOVE 2->1 1193
TAKE 1 74
DROP 2 23
TAKE 1 21

DROP 2 24987
DROP 2 24279
MOVE 2->1 49266
TAKE 1 49258
TAKE 1 4
DROP 2 1311
TAKE 1 4
MOVE 2->1 1311
TAKE 1 1024
DROP 2 8239
TAKE 1 287
MOVE 2->1 8239
TAKE 1 6252
TAKE 1 1516
DROP 2 412

DROP 2 22985
MOVE 2->1 22985
TAKE 1 8535
TAKE 1 11140
DROP 2 9127
DROP 2 462
DROP 2 37
DROP 2 287
DROP 2 80
DROP 2 125
DROP 2 20

DROP 2 56337
MOVE 2->1 56337
TAKE 1 55013
DROP 2 11407
TAKE 1 1324
MOVE 2->1 11407
TAKE 1 734
DROP 2 7741
DROP 2 444
TAKE 1 9875
TAKE 1 798
MOVE 2->1 8185
TAKE 1 6679
DROP 2 3983
TAKE 1 405

DROP 2 73836
DROP 2 9366
DROP 2 148
DROP 2 722
MOVE 2->1 84072
TAKE 1 61742
TAKE 1 13595
DROP 2 69
TAKE 1 5060
DROP 2 1
TAKE 1 3675
MOVE 2->1 70
TAKE 1 24

DROP 2 30045
MOVE 2->1 30045
TAKE 1 5735
TAKE 1 10968
DROP 2 34199
TAKE 1 13342
MOVE 2->1 34199
TAKE 1 27793
TAKE 1 4
DROP 2 257
DROP 2 167
TAKE 1 2579
DROP 2 2532

DROP 2 17813
MOVE 2->1 17813
TAKE 1 7216
DROP 2 22359
DROP 2 770
TAKE 1 10597
MOVE 2->1 23129
TAKE 1 21627
DROP 2 95
TAKE 1 856
DROP 2 36
DROP 2 172
DROP 2 16

DROP 2 4485
MOVE 2->1 4485
TAKE 1 1894
DROP 2 8024
TAKE 1 2591
MOVE 2->1 8024
TAKE 1 7812
DROP 2 13545
TAKE 1 212
MOVE 2->1 13545
TAKE 1 11513
TAKE 1 775
TAKE 1 393
DROP 2 5748
TAKE 1 864
MOVE 2->1 5748
TAKE 1 3992
