3
2
1
0
3
13
0
8
0
5
22
7
25
23
25
0
13
11
3
16
17
8
1
6
30
9
11
3
8
5
9
6
4
0
3
5
7
1
11
13
14
16
26
2
8
4
20
17
25
13
0
1
7
12
29
15
5
23
16
8
24
18
29
5
1
0
9
9
17
10
15
15
9
7
9
1
7
7
18
4
12
6
20
18
8
18
17
4
6
21
27
9
16
2
23
11
0
26
11
16
1
1
4
1
1
2
0
0
0
0
1
3
0
1
0
0
4
1
0
5
0
0
1
0
0
2
6
0
0
1
0
2
2
0
0
0
2
0
1
1
3
0
1
0
0
0
3
0
2
2
2
0
0
0
4
1
4
1
2
0
2
0
0
0
3
3
0
4
0
1
0
1
0
1
0
0
0
5
6
1
8
13
7
7
5
8
12
16
16
2
8
5
16
2
12
9
18
7
17
20
6
14
6
15
25
25
10
10
20
28
3
7
3
12
9
30
11
12
9
19
19
16
18
4
15
6
0
10
10
25
6
11
13
4
13
1
7
5
12
15
7
13
10
13
9
4
2
8
20
22
13
17
8
20
9
12
9
2
3
9
19
4
7
23
11
17
8
15
7
10
13
21
16
1
6
14
15
17
8
14
18
22
8
10
14
7
14
15
3
22
14
14
1
0
9
12
10
28
2
7
20
4
13
12
23
22
10
2
9
20
9
8
23
9
13
30
6
4
1
25
5
22
6
24
33
17
13
4
6
3
19
13
17
18
14
6
5
4
18
13
1
20
9
3
12
3
6
19
8
4
14
1
12
13
6
26
19
7
9
15
12
18
4
1
3
6
11
15
7
13
2
20
2
23
10
5
13
5
22
12
11
5
0
17
29
9
8
14
7
0
13
7
23
8
56
8
14
10
13
11
12
5
12
26
1
19
19
7
12
22
6
4
2
0
31
5
0
2
0
2
3
1
5
1
0
6
0
0
4
4
9
5
0
9
1
3
0
17
1
0
4
1
0
0
2
7
8
25
0
24
15
10
6
28
20
4
13
22
25
9
18
11
19
15
16
11
0
1
21
10
13
6
16
13
6
4
22
14
17
34
0
8
4
24
19
12
18
11
1
20
8
22
21
1
4
18
7
5
8
24
7
6
11
9
7
28
9
9
0
2
124
112
94
81
78
108
129
84
120
129
135
91
62
130
85
40
96
102
144
145
138
49
48
66
120
79
57
81
63
69
116
148
87
60
97
113
90
118
52
73
132
143
87
69
104
47
117
75
90
36
144
14
79
65
123
133
112
96
120
97
76
131
123
57
119
53
117
102
91
79
123
60
56
56
116
97
53
68
82
49
107
59
112
123
109
61
53
102
78
102
85
65
60
80
58
84
146
91
135
106
53
91
121
98
71
109
94
144
76
50
91
9
133
105
63
151
114
147
149
59
55
52
136
127
136
39
86
54
59
79
151
68
103
88
141
81
77
78
107
52
152
66
116
85
62
89
148
59
65
158
69
145
70
98
83
154
70
121
128
156
106
84
128
93
97
135
149
88
96
80
30
34
141
128
134
49
52
138
79
119
119
61
96
86
125
75
76
120
82
138
143
123
80
115
149
92
147
65
62
150
63
107
87
65
70
52
59
70
82
119
118
106
75
118
90
149
115
121
127
75
122
59
93
114
92
53
55
124
108
120
150
69
78
118
101
47
103
75
131
133
47
103
56
101
53
120
51
81
116
77
121
109
114
81
63
101
104
83
153
74
58
84
128
103
55
132
70
97
73
78
60
107
64
72
121
104
108
124
90
135
76
115
45
130
84
142
94
108
89
68
109
70
88
102
100
50
101
58
77
77
95
149
152
118
64
152
132
132
45
138
72
130
142
67
93
89
146
50
71
115
138
49
83
54
121
95
127
157
140
60
130
61
62
114
100
113
132
118
65
120
94
75
107
62
104
136
58
84
60
136
78
138
146
54
56
84
119
117
140
154
143
67
70
113
109
152
128
66
114
103
84
133
62
84
65
75
61
70
146
60
156
105
53
87
63
57
127
133
118
64
92
147
72
86
126
115
75
66
136
52
80
99
65
90
49
53
125
84
98
138
61
113
108
149
144
66
113
60
112
63
147
83
133
136
52
62
145
153
115
141
109
65
81
47
127
146
106
90
100
99
119
118
115
148
87
158
120
85
118
70
152
131
123
95
140
113
51
162
52
86
88
70
97
75
84
62
144
70
77
144
119
131
52
70
80
104
113
142
105
133
109
150
63
90
83
79
41
85
74
67
133
63
121
81
52
82
112
76
79
73
66
132
44
75
122
148
60
133
136
145
142
79
106
57
93
100
107
122
93
118
92
109
57
51
94
52
138
90
113
64
47
96
135
105
130
142
49
115
99
156
65
121
129
84
136
48
103
97
56
67
138
89
171
82
101
145
154
91
70
75
116
59
146
95
108
106
142
56
117
76
136
63
85
109
166
78
78
95
116
63
98
41
63
140
109
71
116
83
80
122
151
94
111
83
73
77
45
63
105
104
115
58
80
75
45
89
47
86
117
152
117
63
146
72
67
59
134
141
71
67
54
112
144
154
74
54
93
27
111
86
76
102
148
145
50
102
145
132
110
142
79
136
75
133
96
33
148
82
116
42
74
125
108
133
122
124
123
120
110
77
59
66
50
121
104
71
154
139
98
92
106
67
56
89
124
64
60
125
75
59
166
64
85
144
126
84
72
133
139
60
122
73
116
146
137
150
135
119
116
90
98
103
134
89
76
88
49
143
101
112
84
132
122
137
77
77
76
90
127
110
132
155
150
124
78
94
128
74
93
72
77
48
67
122
150
102
52
60
116
117
121
59
102
108
83
107
116
65
62
113
143
129
101
84
138
50
71
90
116
96
48
97
151
116
94
126
83
128
132
133
65
100
72
133
88
91
142
79
124
139
128
93
146
94
79
109
142
75
113
148
108
126
152
76
150
115
125
86
37
122
127
85
96
79
64
104
92
140
10
117
160
130
108
126
107
49
163
81
134
132
66
91
80
158
115
139
147
145
85
105
94
93
121
86
68
134
30
148
121
150
92
62
94
112
68
99
82
87
149
47
113
124
108
41
75
132
9
74
68
89
53
136
49
88
127
48
132
84
64
147
63
143
78
69
123
112
64
159
115
57
136
88
153
100
85
122
57
88
41
94
107
115
67
77
84
146
122
116
85
123
88
131
75
47
55
98
123
105
127
107
92
145
88
72
68
77
98
112
72
146
61
54
40
137
77
102
67
116
56
112
118
57
146
107
143
67
123
111
75
103
65
47
143
115
48
150
122
90
127
86
77
95
96
119
142
124
53
23
152
105
58
104
142
83
130
105
125
118
78
124
73
73
103
52
86
53
67
112
32
83
74
53
66
97
66
69
113
84
122
139
134
25
67
120
99
132
79
116
124
60
143
146
86
88
95
124
53
57
71
54
119
56
154
92
69
130
59
79
133
66
77
162
131
127
121
102
102
117
70
142
95
92
113
114
106
86
66
82
123
103
61
58
124
76
54
69
125
66
53
75
67
128
65
8
66
120
116
107
110
70
83
79
106
60
136
84
50
56
58
135
114
92
28
86
83
62
55
141
89
78
83
63
97
131
85
107
88
103
111
55
92
71
93
91
66
104
154
61
91
144
88
60
135
78
52
75
104
59
109
85
11
126
115
78
131
89
104
76
131
130
123
79
128
61
45
157
58
126
122
121
71
104
75
93
105
93
128
141
109
73
93
93
117
142
76
106
147
91
78
83
83
112
94
108
62
105
62
75
107
145
142
77
80
52
82
148
97
92
99
99
70
144
139
75
103
107
57
86
122
60
49
71
88
109
127
82
48
93
119
55
81
79
103
166
154
91
73
67
78
109
118
64
75
62
58
137
89
85
114
58
91
114
122
93
95
83
63
46
119
74
69
81
111
115
120
99
160
143
118
53
99
152
141
107
88
94
120
113
151
43
140
86
105
98
139
66
109
84
62
66
95
99
61
67
113
74
130
122
89
114
126
116
108
109
125
112
104
83
93
121
133
103
136
112
47
77
127
56
96
126
70
72
103
123
51
111
66
79
75
139
104
144
96
115
90
104
150
138
153
143
143
104
66
95
71
85
47
52
107
58
125
94
89
115
114
99
150
141
82
133
74
122
91
86
94
87
123
75
98
148
50
158
127
77
141
96
89
88
59
118
103
118
125
96
123
87
78
60
88
141
62
82
60
122
117
140
57
60
51
104
95
48
113
91
80
84
83
45
135
120
84
55
78
75
85
111
102
73
132
140
79
107
139
50
90
129
112
78
56
68
34
125
71
52
90
110
114
80
52
81
45
79
131
171
144
124
72
54
85
101
125
62
30
101
101
72
97
127
135
132
92
140
56
76
76
73
75
116
45
64
139
105
80
55
115
75
127
81
96
116
100
72
104
132
108
69
140
55
120
61
63
43
84
70
36
50
97
80
47
81
64
103
135
143
129
85
57
76
128
85
84
117
61
66
140
143
132
45
84
55
51
124
59
113
59
72
87
91
105
92
131
148
50
109
118
132
138
134
130
81
148
93
47
104
99
53
137
52
69
139
58
52
80
105
103
86
129
58
124
150
77
76
38
76
66
124
98
107
103
109
70
52
65
53
135
125
113
65
77
101
58
65
64
48
90
62
152
65
87
85
138
130
111
129
107
140
148
134
44
39
141
123
45
101
85
83
80
87
130
149
147
90
135
86
110
103
90
142
61
55
89
60
114
136
88
111
57
47
76
114
143
114
58
55
115
68
48
106
136
94
74
118
74
51
86
43
66
107
60
111
59
96
80
90
139
115
121
82
108
93
68
122
62
68
133
72
92
24
133
76
65
68
73
94
55
58
84
93
70
75
113
79
69
68
98
96
130
54
99
166
97
54
78
52
95
130
72
73
79
80
62
93
57
103
113
71
123
89
120
109
107
107
147
73
96
87
58
101
130
154
117
129
143
115
139
67
67
74
142
64
55
54
134
126
75
112
71
51
60
119
59
118
119
135
60
112
63
101
71
61
46
141
65
109
122
52
142
50
63
144
57
152
63
54
92
73
97
51
38
103
125
159
112
52
96
110
92
55
123
78
172
11
55
96
80
84
54
152
51
60
43
78
103
97
57
144
80
99
119
162
101
102
111
102
62
73
55
144
144
51
74
79
66
103
63
69
105
109
97
140
80
165
136
90
56
88
141
108
49
117
67
90
47
118
90
63
112
95
140
145
76
106
69
125
122
117
106
69
72
50
140
123
60
60
83
106
100
111
53
76
71
70
142
59
153
114
91
89
127
54
95
100
78
83
122
110
108
105
104
69
58
103
67
119
94
68
140
87
143
132
54
111
67
123
51
95
146
69
92
65
83
102
128
135
152
95
102
92
80
61
40
59
147
92
112
123
96
129
120
129
86
660
1467
627
1011
1405
1022
753
470
1372
813
1285
838
1185
559
898
992
816
840
1372
683
1236
896
722
690
873
926
1235
700
1455
813
603
940
887
829
612
1095
1223
542
1319
632
954
1224
1395
1326
539
796
158
1065
911
1239
992
1362
717
749
778
715
555
511
472
938
1520
1233
989
901
739
960
1408
1029
568
706
749
1143
1261
858
530
755
1097
1508
731
994
616
808
1276
707
653
1148
602
1208
1504
532
510
1041
1277
1260
844
1136
143
1098
716
