5.000000000 3.000000000
0.500000000 0.500000000
1.000000000 1.000000000
3.500000000 3.500000000
0.000000000 0.000000000
0.000000000 1.414213562
1.000000000 0.000000000
4999.900000000 99748.696733190
49999.000000000 49999.000000000
82560.577743000 131366.771387000
-2.222253000 2.682296000
2.000000000 3.000000000
-44127.035178000 145504.399662000
-4.836994000 1.069689000
3.041768000 3.627684000
115664.484201000 10919.170763000
-3.000000000 4.000000000
1.375523000 2.039684000
22497.514585000 149293.117184000
-4.000000000 2.000000000
2.000000000 1.000000000
159374.364799000 119113.708940000
1.000000000 5.000000000
-5.000000000 3.000000000
84637.804838000 164531.403174000
-1.247930000 0.397603000
2.000000000 2.000000000
139207.903806000 109247.458860000
-1.000000000 1.000000000
2.000000000 5.000000000
-105943.907424000 125303.088899000
-1.000000000 4.000000000
-5.000000000 3.000000000
75100.897598000 101882.664991000
-0.175093000 4.109720000
4.201283000 4.502524000
-64321.352757000 185258.946533000
-0.529664000 1.925421000
-2.237653000 3.124669000
125216.194822000 82218.224159000
2.000000000 4.000000000
-4.000000000 4.000000000
-141037.200773000 50963.786754000
0.000000000 1.000000000
-3.358981000 2.934704000
82597.530216581 92058.069729606
0.047583205 4.864273964
-3.501172480 4.292835640
49787.799188000 169424.318177000
-4.459424000 4.977990000
-1.083098000 3.368685000
14150.316934196 157705.614555141
2.000000000 4.000000000
-0.142857143 4.344830379
57622.533399287 128853.775175573
1.497070000 4.230053000
1.000000000 2.236067978
-43330.850378420 148950.395456926
-1.964007623 2.903444554
-0.612242826 4.404398633
-26305.528493000 133832.781593000
-0.860163000 4.591357000
0.562500000 5.562500000
-61720.226872000 152841.812600000
0.000579596 4.469190085
-0.949075320 2.031506904
10088.157197867 154608.923574765
-1.500000000 4.716990566
0.000000000 5.000000000
94381.123267000 54999.454020000
0.459479455 3.906941187
3.500000000 3.041381265
15588.935083732 184918.145787417
-1.395574000 3.617615000
1.220955000 4.084847000
-13437.650307133 139668.429345931
-1.686142000 2.117305000
0.835703000 4.344946000
-30633.160741513 130082.283757279
-1.056116000 3.299390000
-1.617571000 4.848446000
63264.312308000 127289.919944000
-2.750000000 1.250000000
-4.004407000 4.060805000
59820.214018000 184017.327120000
0.896367000 3.808887000
0.555311766 3.864209578
74679.385182000 119640.408563000
0.183807068 4.981917974
0.100000000 2.900000000
-38147.758044118 166463.412602753
0.357142857 4.794235484
-1.181818182 6.262178218
-143044.241540000 113881.943551000
1.083333333 6.351399671
2.285714286 6.585388898
75210.376578000 176033.196668000
-2.027823500 5.132385410
0.104069690 5.203856451
-12352.214895226 156454.626929695
0.619373832 4.953467427
-1.140983117 3.113483841
20696.320528172 150730.600452389
1.583333333 4.673358298
-3.837794976 6.118127545
-1628.836513000 177309.221345000
-3.333333333 4.013864860
-0.861842377 5.271136225
-22546.933027758 143251.192881870
-3.177646901 4.636279229
-1.000000000 5.000000000
-13338.562746985 133719.373132675
1.875969131 3.677442337
-2.375000000 6.032464256
92329.414910000 94687.703938000
0.000000000 5.000000000
-0.500000000 5.315072906
81671.925291079 130999.881152628
0.700000000 4.205948169
-2.312500000 5.676500352
39359.685000758 148903.699361675
-1.500000000 5.408326913
0.271544000 3.531430000
-10290.033542017 156769.992019855
-1.750000000 3.750000000
2.333333333 4.333333333
-7982.209279990 165937.277122815
1.316303053 6.344034320
-0.538062921 6.325668149
41562.146593000 189820.314742000
-0.863636364 5.948296513
-0.699487354 5.082651631
25365.964736000 177933.385811000
-2.301038000 4.078057000
0.600000000 5.015974482
-43340.540076000 175043.762737000
1.000000000 8.000000000
-0.000000000 8.062257748
-49429.972557000 179771.831653000
0.409090909 7.554895518
4.372815000 5.007950000
29735.803166200 173943.823891712
1.000000000 7.000000000
-0.625000000 9.637978263
62939.282324000 136450.513374000
-1.653846154 6.653846154
-0.497307158 7.383631539
11316.065025365 171321.361515343
0.615384615 6.690539112
2.750000000 7.004462863
-97076.835297000 175241.824403000
-2.500000000 6.020797289
3.000000000 7.280109889
54422.469976230 126496.396374522
1.785714286 7.224179920
-4.000000000 7.000000000
-59150.489030000 172319.307996000
0.003341476 7.618766923
-0.909090909 7.161074761
12350.608419489 149410.917516752
-1.500000000 8.200609733
-2.054633205 8.246086613
-37455.794953000 145497.309058000
2.100000000 7.000714249
-5.363636364 8.423206825
-39607.165762000 169682.425135305
-0.250000000 6.250000000
-0.115384615 7.721962071
6679.204706720 163295.154816536
-3.000000000 7.000000000
-0.509046000 6.713855000
59259.529815960 172864.021082727
-5.479125000 7.431691000
0.446651304 6.851855672
7390.242203851 105762.728201213
3.257131000 6.920604000
2.748886177 8.676959442
2902.964308509 148640.994341891
3.070563404 5.047187052
0.536373271 8.390725197
-15637.174327099 154152.661096649
0.250000000 4.250000000
4.874251000 5.769389000
6587.810381941 177128.476296873
1.400000000 8.772684880
-3.590909091 6.666339524
-6315.923356770 122898.796891163
1.259240000 4.320259000
-2.620623355 7.497656230
-25762.279878000 161805.421769000
2.248248889 8.715080667
1.428571429 8.144110179
-22934.829438185 150596.928022137
-0.787070000 8.877251000
0.792711920 11.243346685
-7038.550146878 165581.174394876
-3.500000000 11.101801656
5.000000000 10.000000000
53738.730961000 172596.626143000
0.621184798 11.437963584
-2.394736842 11.783039833
8832.116142911 168440.176139357
1.269597575 6.840942225
0.115382623 11.937547672
-65198.513523000 186626.666796000
-3.875000000 10.075496266
-1.738080269 10.732205212
35975.219513768 145995.611277450
-3.533148270 7.045651398
-0.533180847 9.376082445
-41170.744897335 163773.963843944
-2.616355701 11.924008112
0.147058824 11.312064479
43665.983633599 132792.703408860
-0.538461538 10.981695367
-3.333333333 12.018504252
-40603.922359368 181851.880131219
1.001635830 11.883875952
-1.857142857 10.738068842
-12586.514762724 161889.531565121
-3.500000000 6.500000000
2.088767322 10.058448766
73595.866858323 104814.804709166
7.000000000 10.000000000
3.158609280 10.548582931
24597.914730000 186983.156886000
-4.222477161 9.842375669
-1.120518974 9.993087179
2172.634765226 136084.757459689
1.419449755 10.781992106
-1.923076923 8.539847427
18738.918477318 172880.960519293
-0.550000000 10.010119879
-1.100467242 8.720988614
12621.818588581 169545.070734138
0.825947164 7.991174817
-0.491526309 8.464415994
30057.756969579 149772.400309671
-2.750000000 8.003905297
1.810352000 8.235986000
19153.350536609 176506.843171148
-0.210526316 10.992442632
0.460826486 7.414465119
-62013.436647748 168980.727896166
-0.316775289 8.377399392
-3.875000000 6.206095794
34651.996235548 156889.425045831
-0.556753242 8.206350781
0.250000000 9.410765112
-26727.874322483 164254.334739583
0.650241744 11.233318109
3.000000000 13.601470509
-18747.796410379 157722.061169591
-0.457117130 10.007368680
0.000000000 12.529964086
-3671.651570426 149517.537932463
2.125000000 13.528326763
-1.532003859 9.303957415
20016.702491354 196133.308276609
-1.979782864 14.043511592
2.197677331 12.208294777
16945.063743637 153848.922645733
0.034767819 9.664348173
2.473980256 12.652938894
9979.611222473 165770.761802462
0.156218041 14.435876716
1.668632242 15.565706513
-21406.408769182 180477.058795360
-4.666666667 11.822765234
0.458333333 11.271353192
1064.846903204 159679.787739540
0.535714286 10.583065506
1.000000000 12.369316877
-23943.786448068 167750.649325523
-0.447368421 13.158552615
1.005529800 10.695925152
27768.802575693 151476.902016658
1.264235847 12.878032558
1.550366468 13.412775861
30969.662502291 165826.534031124
-2.000000000 13.000000000
0.500000000 13.313526956
30089.880183101 194590.746290633
-3.181818182 13.332679047
-1.791155220 12.350383774
31958.975819000 186267.879292000
1.348369197 11.742315694
1.773777699 15.341731005
25063.908600384 150646.924408939
-0.900848292 11.130046628
-1.656250000 11.488827793
6348.358803369 121582.859250638
5.192307692 11.352670879
1.575000000 11.618116241
15426.644490122 177298.244802092
0.529800000 11.735835000
-6.269230769 11.615448293
-33743.538294479 178505.295573062
3.474564888 13.538049054
1.022727273 13.436739600
13856.511475475 172407.348227474
-5.785714286 9.081546663
-2.071545596 10.615835398
-5799.806192277 151713.959003866
-0.029411765 11.677063254
1.093611325 8.856191298
22238.106392043 195173.722193609
0.269230769 10.520830282
-0.330882150 14.679774021
37091.731500296 183263.639134203
5.234351406 11.354456237
1.000000000 11.000000000
10803.205458778 167455.931878300
-1.120909912 14.130832694
1.142857143 12.142857143
-59922.279077057 184241.159152213
-3.666666667 15.835964694
-3.492557252 15.174922815
-50097.711588835 174494.847766873
0.818668702 13.566783533
-2.353784309 12.906595225
33715.151151218 156894.181673601
-1.181818182 14.271279602
0.000000000 13.000000000
-37873.804314628 139590.781996546
2.551352047 15.473617026
-3.731685077 14.454929435
-18357.504961601 151766.238268541
0.411764706 14.081448691
1.871696457 10.056145154
26816.286415000 173895.862289000
5.333333333 11.948965553
-1.968750000 13.012051205
-35095.234336622 150713.767008916
4.880952381 12.880952381
-5.823726554 13.231310245
-8074.202518767 169324.520964711
-9.000000000 13.038404810
0.936712254 15.345515930
14742.677223919 157269.964356448
1.676470588 11.498796387
4.750000000 16.250000000
-23103.517070905 133744.236443201
0.739130435 15.042787117
-3.574495774 13.517019352
-788.580163394 150011.739986795
1.824914651 17.016875281
3.312500000 14.189702472
-4697.337452012 165192.567731728
-0.956964404 13.556806153
-1.880000000 17.107144706
-18524.053570418 153905.039128677
1.562500000 16.345990525
0.305555556 14.040972892
-17514.042899963 154682.874179246
-4.764705882 15.142346497
-4.071428571 14.382706452
29411.100944325 146434.144914412
0.497123186 15.153035830
-3.522727273 15.930261887
8948.860412108 178550.381653446
0.625000000 12.515615247
2.854325420 12.674406833
-12408.984915000 183266.610225000
-5.562500000 13.226541734
1.895758875 12.119982063
-26077.430700563 151222.234217471
-1.750000000 12.905909499
-2.000000000 13.601470509
4988.333531737 163277.596611089
2.691599542 15.336707056
-2.080926652 16.732581726
-11971.235522810 150675.506345569
-0.121403768 16.672425842
8.000000000 13.000000000
-9352.290629203 168062.887053699
-0.500000000 16.224980740
-2.961538462 12.067181274
-19419.564939776 166585.021746273
-2.386363636 13.915792355
1.224849880 15.335200507
13887.437285000 179729.326795000
3.000000000 15.811388301
6.044500372 14.093424137
-45778.028626637 154875.275391647
-5.152883900 13.724442602
5.000000000 10.198039027
367.482818763 154086.937109932
1.272727273 15.123185637
-0.500000000 16.101242188
11935.011906431 161280.238501056
-1.319389624 17.610311920
-4.000000000 18.601075238
41471.119688452 187117.333557495
0.800000000 16.298466186
-1.500000000 18.607794066
28424.663736709 159175.987772177
8.008837566 16.375707352
-8.000000000 15.264337522
37500.587852000 169300.906920000
-15.000000000 15.000000000
-3.153846154 19.329745297
-54749.534682153 156572.984762579
-11.743765459 14.650978605
-7.230769231 18.245531187
225.457555292 184534.206987533
-0.478444901 16.728452081
0.539017620 16.062820621
93564.576342543 146505.447072004
-0.800000000 17.321662738
-1.410714286 19.756303889
-29922.707357627 172853.449786522
0.096153846 17.974597871
1.000000000 19.104973175
-41565.431164942 155000.873888126
-2.340677917 17.135333152
1.500000000 15.206906326
-13228.924206403 151145.587169046
-6.312500000 17.750990289
1.000000000 15.000000000
49345.411227684 186203.072543491
-2.263528778 18.267036915
0.500000000 17.414074767
31698.385410957 160394.437701915
-1.137931034 17.590702603
2.878295863 19.083826822
17686.096191665 153060.976972875
-0.129032258 19.310298213
-2.571428571 16.571428571
-489.305885135 152828.145447505
-0.788461538 17.674583513
3.317270573 16.454985621
-40462.362051077 175781.490715704
2.812914148 12.717680165
1.446454076 16.030443739
3622.997691816 143384.815655214
2.434906991 14.782900909
-6.715780353 9.370162969
12068.401264471 144872.849233039
0.630434783 17.177008527
-1.050000000 18.401154855
12479.449082231 158023.193986837
-2.761904762 15.888286305
-1.181818182 17.099610938
2001.734105318 192082.104341562
-2.000000000 14.035668848
1.375000000 18.381801462
18275.980171304 182217.588850693
-1.000000000 18.601075238
-1.730142981 14.373625591
1729.949911008 186298.140527821
-1.770689353 18.599309767
2.142857143 17.595221986
-49109.349403373 150072.072250188
-10.180528000 15.229881000
4.886502982 15.032036214
61827.297314939 151067.242740601
-1.462962963 15.372880206
1.640864830 15.653446672
-43952.963308656 163580.284207678
-4.098841810 14.500653251
2.000000000 17.804493815
43855.647520689 166046.217018442
-3.111111111 17.140306983
-6.263157895 17.358928826
-38822.174803397 154324.597060192
2.992922237 21.042821196
-3.227272727 22.664686553
1477.730722606 160429.089058710
1.826950881 19.673280448
5.635748267 19.082100048
35295.244867797 173486.793584634
-7.794193153 17.751131228
0.357714890 20.829252507
3477.635735433 132598.358476407
2.400265152 17.286463379
3.314585126 18.227006922
-18592.901280961 152891.939501249
0.397521591 21.393076099
-4.733333333 20.025095367
-19683.250920216 182276.203566949
0.250000000 19.275956526
1.869565217 19.751049839
19997.001439025 107048.911690185
10.057692308 19.292372485
0.027777778 17.712227241
-8745.614541031 197645.995476604
0.081184926 22.452525463
-1.924863775 16.349226984
-38624.474282000 192501.329598000
1.086122019 19.596328964
4.716629171 18.577009951
-50749.326131666 114414.271434495
-1.914285714 24.140219636
2.592639866 19.135407316
4346.311560279 153171.274928294
2.500000000 19.448650339
-2.178571429 17.969113239
-21951.375279564 182561.283699446
3.189198311 19.694254959
-0.645833333 18.049711928
33778.833183961 173321.786807958
-2.909090909 22.731817727
4.615384615 15.377113556
-42942.931306941 186470.875306540
-3.267490942 19.409029931
1.150000000 19.116027307
54898.669159000 184787.527913000
-2.361222399 22.489956077
0.791572278 18.489680586
57804.861310195 170619.252847210
-1.125000000 17.132297715
-2.100000000 22.556817151
3408.578984842 163766.515433993
-0.106060606 19.329182845
5.801991075 16.643375215
10454.016949372 163291.870740643
0.538647000 14.523025000
-2.196969697 21.797470178
-42920.517218000 187110.540693000
-3.796730773 17.218981985
-0.500000000 19.006577809
12038.444071951 163406.769132375
-5.195652174 18.630130382
-1.375000000 13.243512563
-43078.099308000 169382.134372000
-5.342636648 17.331963339
-3.148984149 20.654327175
-16058.922267194 155648.922537042
-5.682556734 18.700074576
0.153846154 19.908072758
-21657.456148269 183602.157444608
-5.214285714 20.984080458
6.480769231 18.588674815
44437.092854000 164201.424682000
-7.096774194 20.196047460
8.000000000 18.027756377
-45507.343548082 162985.347805025
6.075423561 16.752774176
0.609375000 20.313852118
-44787.881447577 172809.938545904
-0.014596451 21.183183897
1.540000000 17.653656845
-35099.901925210 168259.959409890
0.505933861 20.676172940
-4.250000000 20.348525745
-36395.232200445 171355.259639742
-5.318181818 20.416378533
-0.569208854 18.425581095
49288.836067457 170410.838161798
48228.106323238 185888.128224893
-39466.356485341 154414.206653171
3.255848763 25.499100546
6492.919622000 186984.271993000
6.836236934 239.336333382
-25579.474263287 174759.190965630
-41119.016594995 190232.383160555
10.372526193 1857.337906887
28.405299313 2203.791658836
-49101.515262953 198130.292689547
48327.638881510 157960.642909588
23265.461704401 190271.053918977
-5798.370739000 188896.493775000
-26070.111979638 151768.945737558
29493.778497407 159108.619429586
-17.104000000 1246.703038745
25065.631553737 168221.070815352
-46688.640605018 158124.086578843
-25076.663335378 172683.564019793
-29.699988153 1638.710369504
-48506.931429203 181746.956312426
14.062728221 2675.920781277
-35354.963622789 175455.259516428
0.657553237 2281.112469290
-13717.597732637 175236.239225008
32722.678873985 187372.707159798
-31804.064643439 152597.630778180
-3674.485934067 171245.180901182
-44200.700040218 161572.335106996
-37.724560323 1872.129820158
31176.791822761 162112.868064634
-16973.298854293 181019.969305700
-22378.754333850 170005.173697216
28084.931578182 184175.179982569
-3.032258065 2163.770007695
31.085580691 1606.460730919
13.555648834 2707.955370336
28629.399726487 168940.005236853
-1.467983476 14.382684664
-7124.120093197 173912.314867657
16743.604337073 180164.057269824
235.737176430 30365.531681564
51.417745246 47698.959576811
-12839.048502279 169108.851814147
-26570.531619870 159111.564063656
38.987460416 59508.722745214
13391.388643874 175522.028767930
-2594.945082843 176396.050408128
35950.151530924 178716.785510341
